2019-07-10 09:46:50,904  INFO Version:21 - HV000001: Hibernate Validator 6.0.13.Final
2019-07-10 09:46:51,076  INFO DemoApplication:50 - Starting DemoApplication on DESKTOP-FM9LK77 with PID 5652 (D:\bbgog\com.bbdog\demo\target\classes started by wg103 in D:\bbgog\com.bbdog)
2019-07-10 09:46:51,076  INFO DemoApplication:675 - No active profile set, falling back to default profiles: default
2019-07-10 09:46:51,783  INFO RepositoryConfigurationDelegate:244 - Multiple Spring Data modules found, entering strict repository configuration mode!
2019-07-10 09:46:51,783  INFO RepositoryConfigurationDelegate:126 - Bootstrapping Spring Data repositories in DEFAULT mode.
2019-07-10 09:46:51,814  INFO RepositoryConfigurationDelegate:182 - Finished Spring Data repository scanning in 15ms. Found 0 repository interfaces.
2019-07-10 09:46:52,095  INFO PostProcessorRegistrationDelegate$BeanPostProcessorChecker:330 - Bean 'org.springframework.security.config.annotation.configuration.ObjectPostProcessorConfiguration' of type [org.springframework.security.config.annotation.configuration.ObjectPostProcessorConfiguration$$EnhancerBySpringCGLIB$$fbaba086] is not eligible for getting processed by all BeanPostProcessors (for example: not eligible for auto-proxying)
2019-07-10 09:46:52,095  INFO PostProcessorRegistrationDelegate$BeanPostProcessorChecker:330 - Bean 'org.springframework.transaction.annotation.ProxyTransactionManagementConfiguration' of type [org.springframework.transaction.annotation.ProxyTransactionManagementConfiguration$$EnhancerBySpringCGLIB$$62fdd84c] is not eligible for getting processed by all BeanPostProcessors (for example: not eligible for auto-proxying)
2019-07-10 09:46:52,111  INFO PostProcessorRegistrationDelegate$BeanPostProcessorChecker:330 - Bean 'objectPostProcessor' of type [org.springframework.security.config.annotation.configuration.AutowireBeanFactoryObjectPostProcessor] is not eligible for getting processed by all BeanPostProcessors (for example: not eligible for auto-proxying)
2019-07-10 09:46:52,111  INFO PostProcessorRegistrationDelegate$BeanPostProcessorChecker:330 - Bean 'org.springframework.security.access.expression.method.DefaultMethodSecurityExpressionHandler@56f521c6' of type [org.springframework.security.access.expression.method.DefaultMethodSecurityExpressionHandler] is not eligible for getting processed by all BeanPostProcessors (for example: not eligible for auto-proxying)
2019-07-10 09:46:52,111  INFO PostProcessorRegistrationDelegate$BeanPostProcessorChecker:330 - Bean 'org.springframework.security.config.annotation.method.configuration.GlobalMethodSecurityConfiguration' of type [org.springframework.security.config.annotation.method.configuration.GlobalMethodSecurityConfiguration$$EnhancerBySpringCGLIB$$20804338] is not eligible for getting processed by all BeanPostProcessors (for example: not eligible for auto-proxying)
2019-07-10 09:46:52,111  INFO PostProcessorRegistrationDelegate$BeanPostProcessorChecker:330 - Bean 'methodSecurityMetadataSource' of type [org.springframework.security.access.method.DelegatingMethodSecurityMetadataSource] is not eligible for getting processed by all BeanPostProcessors (for example: not eligible for auto-proxying)
2019-07-10 09:46:52,392  INFO TomcatWebServer:90 - Tomcat initialized with port(s): 8888 (http)
2019-07-10 09:46:52,517  INFO ContextLoader:296 - Root WebApplicationContext: initialization completed in 1394 ms
2019-07-10 09:46:53,261  INFO DefaultSecurityFilterChain:43 - Creating filter chain: Ant [pattern='/css/**'], []
2019-07-10 09:46:53,261  INFO DefaultSecurityFilterChain:43 - Creating filter chain: Ant [pattern='/js/**'], []
2019-07-10 09:46:53,308  INFO DefaultSecurityFilterChain:43 - Creating filter chain: any request, [org.springframework.security.web.context.request.async.WebAsyncManagerIntegrationFilter@7f42e06e, org.springframework.security.web.context.SecurityContextPersistenceFilter@131a7516, org.springframework.security.web.header.HeaderWriterFilter@e9474f, org.springframework.security.web.authentication.logout.LogoutFilter@42ea7565, org.springframework.security.web.authentication.UsernamePasswordAuthenticationFilter@29079032, org.springframework.security.web.savedrequest.RequestCacheAwareFilter@52d3fafd, org.springframework.security.web.servletapi.SecurityContextHolderAwareRequestFilter@46fc522d, org.springframework.security.web.authentication.rememberme.RememberMeAuthenticationFilter@776015fc, org.springframework.security.web.authentication.AnonymousAuthenticationFilter@6ad179b4, org.springframework.security.web.session.SessionManagementFilter@1859ffda, org.springframework.security.web.access.ExceptionTranslationFilter@12d2ddde, org.springframework.security.web.access.intercept.FilterSecurityInterceptor@31e739bf]
2019-07-10 09:46:53,449  INFO ThreadPoolTaskExecutor:171 - Initializing ExecutorService 'applicationTaskExecutor'
2019-07-10 09:46:54,011  INFO TomcatWebServer:204 - Tomcat started on port(s): 8888 (http) with context path ''
2019-07-10 09:46:54,011  INFO DemoApplication:59 - Started DemoApplication in 3.232 seconds (JVM running for 5.132)
2019-07-10 09:47:44,233  INFO DispatcherServlet:524 - Initializing Servlet 'dispatcherServlet'
2019-07-10 09:47:44,240  INFO DispatcherServlet:546 - Completed initialization in 6 ms
2019-07-10 09:47:49,088 ERROR DruidDataSource:1087 - testWhileIdle is true, validationQuery not set
2019-07-10 09:47:49,093  INFO DruidDataSource:947 - {dataSource-1} inited
2019-07-10 09:47:51,186 ERROR DruidDataSource:2507 - create connection SQLException, url: jdbc:mysql://127.0.0.1:3306/test, errorCode -1, state 08
java.sql.SQLNonTransientConnectionException: Could not connect to 127.0.0.1:3306 : Connection reset
	at org.mariadb.jdbc.internal.util.exceptions.ExceptionMapper.get(ExceptionMapper.java:234)
	at org.mariadb.jdbc.internal.util.exceptions.ExceptionMapper.getException(ExceptionMapper.java:165)
	at org.mariadb.jdbc.internal.protocol.AbstractConnectProtocol.connectWithoutProxy(AbstractConnectProtocol.java:1199)
	at org.mariadb.jdbc.internal.util.Utils.retrieveProxy(Utils.java:560)
	at org.mariadb.jdbc.MariaDbConnection.newConnection(MariaDbConnection.java:174)
	at org.mariadb.jdbc.Driver.connect(Driver.java:92)
	at com.alibaba.druid.pool.DruidAbstractDataSource.createPhysicalConnection(DruidAbstractDataSource.java:1570)
	at com.alibaba.druid.pool.DruidAbstractDataSource.createPhysicalConnection(DruidAbstractDataSource.java:1636)
	at com.alibaba.druid.pool.DruidDataSource$CreateConnectionThread.run(DruidDataSource.java:2505)
Caused by: java.sql.SQLNonTransientConnectionException: Could not connect to 127.0.0.1:3306 : Connection reset
	at org.mariadb.jdbc.internal.util.exceptions.ExceptionMapper.get(ExceptionMapper.java:234)
	at org.mariadb.jdbc.internal.util.exceptions.ExceptionMapper.connException(ExceptionMapper.java:95)
	at org.mariadb.jdbc.internal.protocol.AbstractConnectProtocol.handleConnectionPhases(AbstractConnectProtocol.java:865)
	at org.mariadb.jdbc.internal.protocol.AbstractConnectProtocol.connect(AbstractConnectProtocol.java:507)
	at org.mariadb.jdbc.internal.protocol.AbstractConnectProtocol.connectWithoutProxy(AbstractConnectProtocol.java:1195)
	... 6 more
Caused by: java.net.SocketException: Connection reset
	at java.net.SocketInputStream.read(SocketInputStream.java:210)
	at java.net.SocketInputStream.read(SocketInputStream.java:141)
	at java.io.BufferedInputStream.fill(BufferedInputStream.java:246)
	at java.io.BufferedInputStream.read1(BufferedInputStream.java:286)
	at java.io.BufferedInputStream.read(BufferedInputStream.java:345)
	at org.mariadb.jdbc.internal.io.input.StandardPacketInputStream.getPacketArray(StandardPacketInputStream.java:236)
	at org.mariadb.jdbc.internal.io.input.StandardPacketInputStream.getPacket(StandardPacketInputStream.java:207)
	at org.mariadb.jdbc.internal.com.read.ReadInitialHandShakePacket.<init>(ReadInitialHandShakePacket.java:89)
	at org.mariadb.jdbc.internal.protocol.AbstractConnectProtocol.handleConnectionPhases(AbstractConnectProtocol.java:783)
	... 8 more
2019-07-10 09:47:52,200 ERROR DruidDataSource:2507 - create connection SQLException, url: jdbc:mysql://127.0.0.1:3306/test, errorCode -1, state 08
java.sql.SQLNonTransientConnectionException: Could not connect to address=(host=127.0.0.1)(port=3306)(type=master) : Connection refused: connect
	at org.mariadb.jdbc.internal.util.exceptions.ExceptionMapper.get(ExceptionMapper.java:234)
	at org.mariadb.jdbc.internal.util.exceptions.ExceptionMapper.connException(ExceptionMapper.java:95)
	at org.mariadb.jdbc.internal.protocol.AbstractConnectProtocol.connectWithoutProxy(AbstractConnectProtocol.java:1203)
	at org.mariadb.jdbc.internal.util.Utils.retrieveProxy(Utils.java:560)
	at org.mariadb.jdbc.MariaDbConnection.newConnection(MariaDbConnection.java:174)
	at org.mariadb.jdbc.Driver.connect(Driver.java:92)
	at com.alibaba.druid.pool.DruidAbstractDataSource.createPhysicalConnection(DruidAbstractDataSource.java:1570)
	at com.alibaba.druid.pool.DruidAbstractDataSource.createPhysicalConnection(DruidAbstractDataSource.java:1636)
	at com.alibaba.druid.pool.DruidDataSource$CreateConnectionThread.run(DruidDataSource.java:2505)
Caused by: java.net.ConnectException: Connection refused: connect
	at java.net.DualStackPlainSocketImpl.waitForConnect(Native Method)
	at java.net.DualStackPlainSocketImpl.socketConnect(DualStackPlainSocketImpl.java:85)
	at java.net.AbstractPlainSocketImpl.doConnect(AbstractPlainSocketImpl.java:350)
	at java.net.AbstractPlainSocketImpl.connectToAddress(AbstractPlainSocketImpl.java:206)
	at java.net.AbstractPlainSocketImpl.connect(AbstractPlainSocketImpl.java:188)
	at java.net.PlainSocketImpl.connect(PlainSocketImpl.java:172)
	at java.net.SocksSocketImpl.connect(SocksSocketImpl.java:392)
	at java.net.Socket.connect(Socket.java:589)
	at org.mariadb.jdbc.internal.protocol.AbstractConnectProtocol.connect(AbstractConnectProtocol.java:501)
	at org.mariadb.jdbc.internal.protocol.AbstractConnectProtocol.connectWithoutProxy(AbstractConnectProtocol.java:1195)
	... 6 more
2019-07-10 09:47:53,716 ERROR DruidDataSource:2507 - create connection SQLException, url: jdbc:mysql://127.0.0.1:3306/test, errorCode -1, state 08
java.sql.SQLNonTransientConnectionException: Could not connect to address=(host=127.0.0.1)(port=3306)(type=master) : Connection refused: connect
	at org.mariadb.jdbc.internal.util.exceptions.ExceptionMapper.get(ExceptionMapper.java:234)
	at org.mariadb.jdbc.internal.util.exceptions.ExceptionMapper.connException(ExceptionMapper.java:95)
	at org.mariadb.jdbc.internal.protocol.AbstractConnectProtocol.connectWithoutProxy(AbstractConnectProtocol.java:1203)
	at org.mariadb.jdbc.internal.util.Utils.retrieveProxy(Utils.java:560)
	at org.mariadb.jdbc.MariaDbConnection.newConnection(MariaDbConnection.java:174)
	at org.mariadb.jdbc.Driver.connect(Driver.java:92)
	at com.alibaba.druid.pool.DruidAbstractDataSource.createPhysicalConnection(DruidAbstractDataSource.java:1570)
	at com.alibaba.druid.pool.DruidAbstractDataSource.createPhysicalConnection(DruidAbstractDataSource.java:1636)
	at com.alibaba.druid.pool.DruidDataSource$CreateConnectionThread.run(DruidDataSource.java:2505)
Caused by: java.net.ConnectException: Connection refused: connect
	at java.net.DualStackPlainSocketImpl.waitForConnect(Native Method)
	at java.net.DualStackPlainSocketImpl.socketConnect(DualStackPlainSocketImpl.java:85)
	at java.net.AbstractPlainSocketImpl.doConnect(AbstractPlainSocketImpl.java:350)
	at java.net.AbstractPlainSocketImpl.connectToAddress(AbstractPlainSocketImpl.java:206)
	at java.net.AbstractPlainSocketImpl.connect(AbstractPlainSocketImpl.java:188)
	at java.net.PlainSocketImpl.connect(PlainSocketImpl.java:172)
	at java.net.SocksSocketImpl.connect(SocksSocketImpl.java:392)
	at java.net.Socket.connect(Socket.java:589)
	at org.mariadb.jdbc.internal.protocol.AbstractConnectProtocol.connect(AbstractConnectProtocol.java:501)
	at org.mariadb.jdbc.internal.protocol.AbstractConnectProtocol.connectWithoutProxy(AbstractConnectProtocol.java:1195)
	... 6 more
2019-07-10 09:47:55,233 ERROR DruidDataSource:2507 - create connection SQLException, url: jdbc:mysql://127.0.0.1:3306/test, errorCode -1, state 08
java.sql.SQLNonTransientConnectionException: Could not connect to address=(host=127.0.0.1)(port=3306)(type=master) : Connection refused: connect
	at org.mariadb.jdbc.internal.util.exceptions.ExceptionMapper.get(ExceptionMapper.java:234)
	at org.mariadb.jdbc.internal.util.exceptions.ExceptionMapper.connException(ExceptionMapper.java:95)
	at org.mariadb.jdbc.internal.protocol.AbstractConnectProtocol.connectWithoutProxy(AbstractConnectProtocol.java:1203)
	at org.mariadb.jdbc.internal.util.Utils.retrieveProxy(Utils.java:560)
	at org.mariadb.jdbc.MariaDbConnection.newConnection(MariaDbConnection.java:174)
	at org.mariadb.jdbc.Driver.connect(Driver.java:92)
	at com.alibaba.druid.pool.DruidAbstractDataSource.createPhysicalConnection(DruidAbstractDataSource.java:1570)
	at com.alibaba.druid.pool.DruidAbstractDataSource.createPhysicalConnection(DruidAbstractDataSource.java:1636)
	at com.alibaba.druid.pool.DruidDataSource$CreateConnectionThread.run(DruidDataSource.java:2505)
Caused by: java.net.ConnectException: Connection refused: connect
	at java.net.DualStackPlainSocketImpl.waitForConnect(Native Method)
	at java.net.DualStackPlainSocketImpl.socketConnect(DualStackPlainSocketImpl.java:85)
	at java.net.AbstractPlainSocketImpl.doConnect(AbstractPlainSocketImpl.java:350)
	at java.net.AbstractPlainSocketImpl.connectToAddress(AbstractPlainSocketImpl.java:206)
	at java.net.AbstractPlainSocketImpl.connect(AbstractPlainSocketImpl.java:188)
	at java.net.PlainSocketImpl.connect(PlainSocketImpl.java:172)
	at java.net.SocksSocketImpl.connect(SocksSocketImpl.java:392)
	at java.net.Socket.connect(Socket.java:589)
	at org.mariadb.jdbc.internal.protocol.AbstractConnectProtocol.connect(AbstractConnectProtocol.java:501)
	at org.mariadb.jdbc.internal.protocol.AbstractConnectProtocol.connectWithoutProxy(AbstractConnectProtocol.java:1195)
	... 6 more
2019-07-10 09:47:56,745 ERROR DruidDataSource:2507 - create connection SQLException, url: jdbc:mysql://127.0.0.1:3306/test, errorCode -1, state 08
java.sql.SQLNonTransientConnectionException: Could not connect to address=(host=127.0.0.1)(port=3306)(type=master) : Connection refused: connect
	at org.mariadb.jdbc.internal.util.exceptions.ExceptionMapper.get(ExceptionMapper.java:234)
	at org.mariadb.jdbc.internal.util.exceptions.ExceptionMapper.connException(ExceptionMapper.java:95)
	at org.mariadb.jdbc.internal.protocol.AbstractConnectProtocol.connectWithoutProxy(AbstractConnectProtocol.java:1203)
	at org.mariadb.jdbc.internal.util.Utils.retrieveProxy(Utils.java:560)
	at org.mariadb.jdbc.MariaDbConnection.newConnection(MariaDbConnection.java:174)
	at org.mariadb.jdbc.Driver.connect(Driver.java:92)
	at com.alibaba.druid.pool.DruidAbstractDataSource.createPhysicalConnection(DruidAbstractDataSource.java:1570)
	at com.alibaba.druid.pool.DruidAbstractDataSource.createPhysicalConnection(DruidAbstractDataSource.java:1636)
	at com.alibaba.druid.pool.DruidDataSource$CreateConnectionThread.run(DruidDataSource.java:2505)
Caused by: java.net.ConnectException: Connection refused: connect
	at java.net.DualStackPlainSocketImpl.waitForConnect(Native Method)
	at java.net.DualStackPlainSocketImpl.socketConnect(DualStackPlainSocketImpl.java:85)
	at java.net.AbstractPlainSocketImpl.doConnect(AbstractPlainSocketImpl.java:350)
	at java.net.AbstractPlainSocketImpl.connectToAddress(AbstractPlainSocketImpl.java:206)
	at java.net.AbstractPlainSocketImpl.connect(AbstractPlainSocketImpl.java:188)
	at java.net.PlainSocketImpl.connect(PlainSocketImpl.java:172)
	at java.net.SocksSocketImpl.connect(SocksSocketImpl.java:392)
	at java.net.Socket.connect(Socket.java:589)
	at org.mariadb.jdbc.internal.protocol.AbstractConnectProtocol.connect(AbstractConnectProtocol.java:501)
	at org.mariadb.jdbc.internal.protocol.AbstractConnectProtocol.connectWithoutProxy(AbstractConnectProtocol.java:1195)
	... 6 more
2019-07-10 09:47:58,259 ERROR DruidDataSource:2507 - create connection SQLException, url: jdbc:mysql://127.0.0.1:3306/test, errorCode -1, state 08
java.sql.SQLNonTransientConnectionException: Could not connect to address=(host=127.0.0.1)(port=3306)(type=master) : Connection refused: connect
	at org.mariadb.jdbc.internal.util.exceptions.ExceptionMapper.get(ExceptionMapper.java:234)
	at org.mariadb.jdbc.internal.util.exceptions.ExceptionMapper.connException(ExceptionMapper.java:95)
	at org.mariadb.jdbc.internal.protocol.AbstractConnectProtocol.connectWithoutProxy(AbstractConnectProtocol.java:1203)
	at org.mariadb.jdbc.internal.util.Utils.retrieveProxy(Utils.java:560)
	at org.mariadb.jdbc.MariaDbConnection.newConnection(MariaDbConnection.java:174)
	at org.mariadb.jdbc.Driver.connect(Driver.java:92)
	at com.alibaba.druid.pool.DruidAbstractDataSource.createPhysicalConnection(DruidAbstractDataSource.java:1570)
	at com.alibaba.druid.pool.DruidAbstractDataSource.createPhysicalConnection(DruidAbstractDataSource.java:1636)
	at com.alibaba.druid.pool.DruidDataSource$CreateConnectionThread.run(DruidDataSource.java:2505)
Caused by: java.net.ConnectException: Connection refused: connect
	at java.net.DualStackPlainSocketImpl.waitForConnect(Native Method)
	at java.net.DualStackPlainSocketImpl.socketConnect(DualStackPlainSocketImpl.java:85)
	at java.net.AbstractPlainSocketImpl.doConnect(AbstractPlainSocketImpl.java:350)
	at java.net.AbstractPlainSocketImpl.connectToAddress(AbstractPlainSocketImpl.java:206)
	at java.net.AbstractPlainSocketImpl.connect(AbstractPlainSocketImpl.java:188)
	at java.net.PlainSocketImpl.connect(PlainSocketImpl.java:172)
	at java.net.SocksSocketImpl.connect(SocksSocketImpl.java:392)
	at java.net.Socket.connect(Socket.java:589)
	at org.mariadb.jdbc.internal.protocol.AbstractConnectProtocol.connect(AbstractConnectProtocol.java:501)
	at org.mariadb.jdbc.internal.protocol.AbstractConnectProtocol.connectWithoutProxy(AbstractConnectProtocol.java:1195)
	... 6 more
2019-07-10 09:47:59,775 ERROR DruidDataSource:2507 - create connection SQLException, url: jdbc:mysql://127.0.0.1:3306/test, errorCode -1, state 08
java.sql.SQLNonTransientConnectionException: Could not connect to address=(host=127.0.0.1)(port=3306)(type=master) : Connection refused: connect
	at org.mariadb.jdbc.internal.util.exceptions.ExceptionMapper.get(ExceptionMapper.java:234)
	at org.mariadb.jdbc.internal.util.exceptions.ExceptionMapper.connException(ExceptionMapper.java:95)
	at org.mariadb.jdbc.internal.protocol.AbstractConnectProtocol.connectWithoutProxy(AbstractConnectProtocol.java:1203)
	at org.mariadb.jdbc.internal.util.Utils.retrieveProxy(Utils.java:560)
	at org.mariadb.jdbc.MariaDbConnection.newConnection(MariaDbConnection.java:174)
	at org.mariadb.jdbc.Driver.connect(Driver.java:92)
	at com.alibaba.druid.pool.DruidAbstractDataSource.createPhysicalConnection(DruidAbstractDataSource.java:1570)
	at com.alibaba.druid.pool.DruidAbstractDataSource.createPhysicalConnection(DruidAbstractDataSource.java:1636)
	at com.alibaba.druid.pool.DruidDataSource$CreateConnectionThread.run(DruidDataSource.java:2505)
Caused by: java.net.ConnectException: Connection refused: connect
	at java.net.DualStackPlainSocketImpl.waitForConnect(Native Method)
	at java.net.DualStackPlainSocketImpl.socketConnect(DualStackPlainSocketImpl.java:85)
	at java.net.AbstractPlainSocketImpl.doConnect(AbstractPlainSocketImpl.java:350)
	at java.net.AbstractPlainSocketImpl.connectToAddress(AbstractPlainSocketImpl.java:206)
	at java.net.AbstractPlainSocketImpl.connect(AbstractPlainSocketImpl.java:188)
	at java.net.PlainSocketImpl.connect(PlainSocketImpl.java:172)
	at java.net.SocksSocketImpl.connect(SocksSocketImpl.java:392)
	at java.net.Socket.connect(Socket.java:589)
	at org.mariadb.jdbc.internal.protocol.AbstractConnectProtocol.connect(AbstractConnectProtocol.java:501)
	at org.mariadb.jdbc.internal.protocol.AbstractConnectProtocol.connectWithoutProxy(AbstractConnectProtocol.java:1195)
	... 6 more
2019-07-10 09:48:01,286 ERROR DruidDataSource:2507 - create connection SQLException, url: jdbc:mysql://127.0.0.1:3306/test, errorCode -1, state 08
java.sql.SQLNonTransientConnectionException: Could not connect to address=(host=127.0.0.1)(port=3306)(type=master) : Connection refused: connect
	at org.mariadb.jdbc.internal.util.exceptions.ExceptionMapper.get(ExceptionMapper.java:234)
	at org.mariadb.jdbc.internal.util.exceptions.ExceptionMapper.connException(ExceptionMapper.java:95)
	at org.mariadb.jdbc.internal.protocol.AbstractConnectProtocol.connectWithoutProxy(AbstractConnectProtocol.java:1203)
	at org.mariadb.jdbc.internal.util.Utils.retrieveProxy(Utils.java:560)
	at org.mariadb.jdbc.MariaDbConnection.newConnection(MariaDbConnection.java:174)
	at org.mariadb.jdbc.Driver.connect(Driver.java:92)
	at com.alibaba.druid.pool.DruidAbstractDataSource.createPhysicalConnection(DruidAbstractDataSource.java:1570)
	at com.alibaba.druid.pool.DruidAbstractDataSource.createPhysicalConnection(DruidAbstractDataSource.java:1636)
	at com.alibaba.druid.pool.DruidDataSource$CreateConnectionThread.run(DruidDataSource.java:2505)
Caused by: java.net.ConnectException: Connection refused: connect
	at java.net.DualStackPlainSocketImpl.waitForConnect(Native Method)
	at java.net.DualStackPlainSocketImpl.socketConnect(DualStackPlainSocketImpl.java:85)
	at java.net.AbstractPlainSocketImpl.doConnect(AbstractPlainSocketImpl.java:350)
	at java.net.AbstractPlainSocketImpl.connectToAddress(AbstractPlainSocketImpl.java:206)
	at java.net.AbstractPlainSocketImpl.connect(AbstractPlainSocketImpl.java:188)
	at java.net.PlainSocketImpl.connect(PlainSocketImpl.java:172)
	at java.net.SocksSocketImpl.connect(SocksSocketImpl.java:392)
	at java.net.Socket.connect(Socket.java:589)
	at org.mariadb.jdbc.internal.protocol.AbstractConnectProtocol.connect(AbstractConnectProtocol.java:501)
	at org.mariadb.jdbc.internal.protocol.AbstractConnectProtocol.connectWithoutProxy(AbstractConnectProtocol.java:1195)
	... 6 more
2019-07-10 09:48:02,789 ERROR DruidDataSource:2507 - create connection SQLException, url: jdbc:mysql://127.0.0.1:3306/test, errorCode -1, state 08
java.sql.SQLNonTransientConnectionException: Could not connect to address=(host=127.0.0.1)(port=3306)(type=master) : Connection refused: connect
	at org.mariadb.jdbc.internal.util.exceptions.ExceptionMapper.get(ExceptionMapper.java:234)
	at org.mariadb.jdbc.internal.util.exceptions.ExceptionMapper.connException(ExceptionMapper.java:95)
	at org.mariadb.jdbc.internal.protocol.AbstractConnectProtocol.connectWithoutProxy(AbstractConnectProtocol.java:1203)
	at org.mariadb.jdbc.internal.util.Utils.retrieveProxy(Utils.java:560)
	at org.mariadb.jdbc.MariaDbConnection.newConnection(MariaDbConnection.java:174)
	at org.mariadb.jdbc.Driver.connect(Driver.java:92)
	at com.alibaba.druid.pool.DruidAbstractDataSource.createPhysicalConnection(DruidAbstractDataSource.java:1570)
	at com.alibaba.druid.pool.DruidAbstractDataSource.createPhysicalConnection(DruidAbstractDataSource.java:1636)
	at com.alibaba.druid.pool.DruidDataSource$CreateConnectionThread.run(DruidDataSource.java:2505)
Caused by: java.net.ConnectException: Connection refused: connect
	at java.net.DualStackPlainSocketImpl.waitForConnect(Native Method)
	at java.net.DualStackPlainSocketImpl.socketConnect(DualStackPlainSocketImpl.java:85)
	at java.net.AbstractPlainSocketImpl.doConnect(AbstractPlainSocketImpl.java:350)
	at java.net.AbstractPlainSocketImpl.connectToAddress(AbstractPlainSocketImpl.java:206)
	at java.net.AbstractPlainSocketImpl.connect(AbstractPlainSocketImpl.java:188)
	at java.net.PlainSocketImpl.connect(PlainSocketImpl.java:172)
	at java.net.SocksSocketImpl.connect(SocksSocketImpl.java:392)
	at java.net.Socket.connect(Socket.java:589)
	at org.mariadb.jdbc.internal.protocol.AbstractConnectProtocol.connect(AbstractConnectProtocol.java:501)
	at org.mariadb.jdbc.internal.protocol.AbstractConnectProtocol.connectWithoutProxy(AbstractConnectProtocol.java:1195)
	... 6 more
2019-07-10 09:48:04,303 ERROR DruidDataSource:2507 - create connection SQLException, url: jdbc:mysql://127.0.0.1:3306/test, errorCode -1, state 08
java.sql.SQLNonTransientConnectionException: Could not connect to address=(host=127.0.0.1)(port=3306)(type=master) : Connection refused: connect
	at org.mariadb.jdbc.internal.util.exceptions.ExceptionMapper.get(ExceptionMapper.java:234)
	at org.mariadb.jdbc.internal.util.exceptions.ExceptionMapper.connException(ExceptionMapper.java:95)
	at org.mariadb.jdbc.internal.protocol.AbstractConnectProtocol.connectWithoutProxy(AbstractConnectProtocol.java:1203)
	at org.mariadb.jdbc.internal.util.Utils.retrieveProxy(Utils.java:560)
	at org.mariadb.jdbc.MariaDbConnection.newConnection(MariaDbConnection.java:174)
	at org.mariadb.jdbc.Driver.connect(Driver.java:92)
	at com.alibaba.druid.pool.DruidAbstractDataSource.createPhysicalConnection(DruidAbstractDataSource.java:1570)
	at com.alibaba.druid.pool.DruidAbstractDataSource.createPhysicalConnection(DruidAbstractDataSource.java:1636)
	at com.alibaba.druid.pool.DruidDataSource$CreateConnectionThread.run(DruidDataSource.java:2505)
Caused by: java.net.ConnectException: Connection refused: connect
	at java.net.DualStackPlainSocketImpl.waitForConnect(Native Method)
	at java.net.DualStackPlainSocketImpl.socketConnect(DualStackPlainSocketImpl.java:85)
	at java.net.AbstractPlainSocketImpl.doConnect(AbstractPlainSocketImpl.java:350)
	at java.net.AbstractPlainSocketImpl.connectToAddress(AbstractPlainSocketImpl.java:206)
	at java.net.AbstractPlainSocketImpl.connect(AbstractPlainSocketImpl.java:188)
	at java.net.PlainSocketImpl.connect(PlainSocketImpl.java:172)
	at java.net.SocksSocketImpl.connect(SocksSocketImpl.java:392)
	at java.net.Socket.connect(Socket.java:589)
	at org.mariadb.jdbc.internal.protocol.AbstractConnectProtocol.connect(AbstractConnectProtocol.java:501)
	at org.mariadb.jdbc.internal.protocol.AbstractConnectProtocol.connectWithoutProxy(AbstractConnectProtocol.java:1195)
	... 6 more
2019-07-10 09:48:05,816 ERROR DruidDataSource:2507 - create connection SQLException, url: jdbc:mysql://127.0.0.1:3306/test, errorCode -1, state 08
java.sql.SQLNonTransientConnectionException: Could not connect to address=(host=127.0.0.1)(port=3306)(type=master) : Connection refused: connect
	at org.mariadb.jdbc.internal.util.exceptions.ExceptionMapper.get(ExceptionMapper.java:234)
	at org.mariadb.jdbc.internal.util.exceptions.ExceptionMapper.connException(ExceptionMapper.java:95)
	at org.mariadb.jdbc.internal.protocol.AbstractConnectProtocol.connectWithoutProxy(AbstractConnectProtocol.java:1203)
	at org.mariadb.jdbc.internal.util.Utils.retrieveProxy(Utils.java:560)
	at org.mariadb.jdbc.MariaDbConnection.newConnection(MariaDbConnection.java:174)
	at org.mariadb.jdbc.Driver.connect(Driver.java:92)
	at com.alibaba.druid.pool.DruidAbstractDataSource.createPhysicalConnection(DruidAbstractDataSource.java:1570)
	at com.alibaba.druid.pool.DruidAbstractDataSource.createPhysicalConnection(DruidAbstractDataSource.java:1636)
	at com.alibaba.druid.pool.DruidDataSource$CreateConnectionThread.run(DruidDataSource.java:2505)
Caused by: java.net.ConnectException: Connection refused: connect
	at java.net.DualStackPlainSocketImpl.waitForConnect(Native Method)
	at java.net.DualStackPlainSocketImpl.socketConnect(DualStackPlainSocketImpl.java:85)
	at java.net.AbstractPlainSocketImpl.doConnect(AbstractPlainSocketImpl.java:350)
	at java.net.AbstractPlainSocketImpl.connectToAddress(AbstractPlainSocketImpl.java:206)
	at java.net.AbstractPlainSocketImpl.connect(AbstractPlainSocketImpl.java:188)
	at java.net.PlainSocketImpl.connect(PlainSocketImpl.java:172)
	at java.net.SocksSocketImpl.connect(SocksSocketImpl.java:392)
	at java.net.Socket.connect(Socket.java:589)
	at org.mariadb.jdbc.internal.protocol.AbstractConnectProtocol.connect(AbstractConnectProtocol.java:501)
	at org.mariadb.jdbc.internal.protocol.AbstractConnectProtocol.connectWithoutProxy(AbstractConnectProtocol.java:1195)
	... 6 more
2019-07-10 09:48:06,936  INFO LoginController:24 - 当前登陆用户：admin
2019-07-10 09:51:21,644  INFO ThreadPoolTaskExecutor:208 - Shutting down ExecutorService 'applicationTaskExecutor'
2019-07-10 09:51:21,644  INFO DruidDataSource:1863 - {dataSource-1} closed
2019-07-10 09:51:26,127  INFO Version:21 - HV000001: Hibernate Validator 6.0.13.Final
2019-07-10 09:51:26,247  INFO DemoApplication:50 - Starting DemoApplication on DESKTOP-FM9LK77 with PID 14740 (D:\bbgog\com.bbdog\demo\target\classes started by wg103 in D:\bbgog\com.bbdog)
2019-07-10 09:51:26,247  INFO DemoApplication:675 - No active profile set, falling back to default profiles: default
2019-07-10 09:51:26,794  INFO RepositoryConfigurationDelegate:244 - Multiple Spring Data modules found, entering strict repository configuration mode!
2019-07-10 09:51:26,794  INFO RepositoryConfigurationDelegate:126 - Bootstrapping Spring Data repositories in DEFAULT mode.
2019-07-10 09:51:26,825  INFO RepositoryConfigurationDelegate:182 - Finished Spring Data repository scanning in 13ms. Found 0 repository interfaces.
2019-07-10 09:51:27,052  INFO PostProcessorRegistrationDelegate$BeanPostProcessorChecker:330 - Bean 'org.springframework.security.config.annotation.configuration.ObjectPostProcessorConfiguration' of type [org.springframework.security.config.annotation.configuration.ObjectPostProcessorConfiguration$$EnhancerBySpringCGLIB$$bc8e8102] is not eligible for getting processed by all BeanPostProcessors (for example: not eligible for auto-proxying)
2019-07-10 09:51:27,052  INFO PostProcessorRegistrationDelegate$BeanPostProcessorChecker:330 - Bean 'org.springframework.transaction.annotation.ProxyTransactionManagementConfiguration' of type [org.springframework.transaction.annotation.ProxyTransactionManagementConfiguration$$EnhancerBySpringCGLIB$$23e0b8c8] is not eligible for getting processed by all BeanPostProcessors (for example: not eligible for auto-proxying)
2019-07-10 09:51:27,068  INFO PostProcessorRegistrationDelegate$BeanPostProcessorChecker:330 - Bean 'objectPostProcessor' of type [org.springframework.security.config.annotation.configuration.AutowireBeanFactoryObjectPostProcessor] is not eligible for getting processed by all BeanPostProcessors (for example: not eligible for auto-proxying)
2019-07-10 09:51:27,068  INFO PostProcessorRegistrationDelegate$BeanPostProcessorChecker:330 - Bean 'org.springframework.security.access.expression.method.DefaultMethodSecurityExpressionHandler@701bc94e' of type [org.springframework.security.access.expression.method.DefaultMethodSecurityExpressionHandler] is not eligible for getting processed by all BeanPostProcessors (for example: not eligible for auto-proxying)
2019-07-10 09:51:27,083  INFO PostProcessorRegistrationDelegate$BeanPostProcessorChecker:330 - Bean 'org.springframework.security.config.annotation.method.configuration.GlobalMethodSecurityConfiguration' of type [org.springframework.security.config.annotation.method.configuration.GlobalMethodSecurityConfiguration$$EnhancerBySpringCGLIB$$e16323b4] is not eligible for getting processed by all BeanPostProcessors (for example: not eligible for auto-proxying)
2019-07-10 09:51:27,083  INFO PostProcessorRegistrationDelegate$BeanPostProcessorChecker:330 - Bean 'methodSecurityMetadataSource' of type [org.springframework.security.access.method.DelegatingMethodSecurityMetadataSource] is not eligible for getting processed by all BeanPostProcessors (for example: not eligible for auto-proxying)
2019-07-10 09:51:27,302  INFO TomcatWebServer:90 - Tomcat initialized with port(s): 8888 (http)
2019-07-10 09:51:27,427  INFO ContextLoader:296 - Root WebApplicationContext: initialization completed in 1133 ms
2019-07-10 09:51:27,958  INFO DefaultSecurityFilterChain:43 - Creating filter chain: Ant [pattern='/css/**'], []
2019-07-10 09:51:27,958  INFO DefaultSecurityFilterChain:43 - Creating filter chain: Ant [pattern='/js/**'], []
2019-07-10 09:51:27,989  INFO DefaultSecurityFilterChain:43 - Creating filter chain: any request, [org.springframework.security.web.context.request.async.WebAsyncManagerIntegrationFilter@4538856f, org.springframework.security.web.context.SecurityContextPersistenceFilter@5d7d8613, org.springframework.security.web.header.HeaderWriterFilter@35d60381, org.springframework.security.web.authentication.logout.LogoutFilter@73894c5a, org.springframework.security.web.authentication.UsernamePasswordAuthenticationFilter@679dd234, org.springframework.security.web.savedrequest.RequestCacheAwareFilter@715a70e9, org.springframework.security.web.servletapi.SecurityContextHolderAwareRequestFilter@5fcd1f0a, org.springframework.security.web.authentication.rememberme.RememberMeAuthenticationFilter@1e5eb20a, org.springframework.security.web.authentication.AnonymousAuthenticationFilter@4c3de38e, org.springframework.security.web.session.SessionManagementFilter@61ffd148, org.springframework.security.web.access.ExceptionTranslationFilter@2785db06, org.springframework.security.web.access.intercept.FilterSecurityInterceptor@7e34b127]
2019-07-10 09:51:28,114  INFO ThreadPoolTaskExecutor:171 - Initializing ExecutorService 'applicationTaskExecutor'
2019-07-10 09:51:28,599  INFO TomcatWebServer:204 - Tomcat started on port(s): 8888 (http) with context path ''
2019-07-10 09:51:28,599  INFO DemoApplication:59 - Started DemoApplication in 2.565 seconds (JVM running for 3.288)
2019-07-10 09:51:32,425  INFO DispatcherServlet:524 - Initializing Servlet 'dispatcherServlet'
2019-07-10 09:51:32,430  INFO DispatcherServlet:546 - Completed initialization in 5 ms
2019-07-10 09:51:35,238 ERROR DruidDataSource:1087 - testWhileIdle is true, validationQuery not set
2019-07-10 09:51:35,242  INFO DruidDataSource:947 - {dataSource-1} inited
2019-07-10 09:51:59,570  INFO ThreadPoolTaskExecutor:208 - Shutting down ExecutorService 'applicationTaskExecutor'
2019-07-10 09:51:59,570  INFO DruidDataSource:1863 - {dataSource-1} closed
2019-07-10 09:52:02,382  INFO Version:21 - HV000001: Hibernate Validator 6.0.13.Final
2019-07-10 09:52:02,494  INFO DemoApplication:50 - Starting DemoApplication on DESKTOP-FM9LK77 with PID 19092 (D:\bbgog\com.bbdog\demo\target\classes started by wg103 in D:\bbgog\com.bbdog)
2019-07-10 09:52:02,494  INFO DemoApplication:675 - No active profile set, falling back to default profiles: default
2019-07-10 09:52:03,043  INFO RepositoryConfigurationDelegate:244 - Multiple Spring Data modules found, entering strict repository configuration mode!
2019-07-10 09:52:03,045  INFO RepositoryConfigurationDelegate:126 - Bootstrapping Spring Data repositories in DEFAULT mode.
2019-07-10 09:52:03,065  INFO RepositoryConfigurationDelegate:182 - Finished Spring Data repository scanning in 11ms. Found 0 repository interfaces.
2019-07-10 09:52:03,290  INFO PostProcessorRegistrationDelegate$BeanPostProcessorChecker:330 - Bean 'org.springframework.security.config.annotation.configuration.ObjectPostProcessorConfiguration' of type [org.springframework.security.config.annotation.configuration.ObjectPostProcessorConfiguration$$EnhancerBySpringCGLIB$$382ba1b7] is not eligible for getting processed by all BeanPostProcessors (for example: not eligible for auto-proxying)
2019-07-10 09:52:03,290  INFO PostProcessorRegistrationDelegate$BeanPostProcessorChecker:330 - Bean 'org.springframework.transaction.annotation.ProxyTransactionManagementConfiguration' of type [org.springframework.transaction.annotation.ProxyTransactionManagementConfiguration$$EnhancerBySpringCGLIB$$9f7dd97d] is not eligible for getting processed by all BeanPostProcessors (for example: not eligible for auto-proxying)
2019-07-10 09:52:03,315  INFO PostProcessorRegistrationDelegate$BeanPostProcessorChecker:330 - Bean 'objectPostProcessor' of type [org.springframework.security.config.annotation.configuration.AutowireBeanFactoryObjectPostProcessor] is not eligible for getting processed by all BeanPostProcessors (for example: not eligible for auto-proxying)
2019-07-10 09:52:03,317  INFO PostProcessorRegistrationDelegate$BeanPostProcessorChecker:330 - Bean 'org.springframework.security.access.expression.method.DefaultMethodSecurityExpressionHandler@4d27d9d' of type [org.springframework.security.access.expression.method.DefaultMethodSecurityExpressionHandler] is not eligible for getting processed by all BeanPostProcessors (for example: not eligible for auto-proxying)
2019-07-10 09:52:03,319  INFO PostProcessorRegistrationDelegate$BeanPostProcessorChecker:330 - Bean 'org.springframework.security.config.annotation.method.configuration.GlobalMethodSecurityConfiguration' of type [org.springframework.security.config.annotation.method.configuration.GlobalMethodSecurityConfiguration$$EnhancerBySpringCGLIB$$5d004469] is not eligible for getting processed by all BeanPostProcessors (for example: not eligible for auto-proxying)
2019-07-10 09:52:03,322  INFO PostProcessorRegistrationDelegate$BeanPostProcessorChecker:330 - Bean 'methodSecurityMetadataSource' of type [org.springframework.security.access.method.DelegatingMethodSecurityMetadataSource] is not eligible for getting processed by all BeanPostProcessors (for example: not eligible for auto-proxying)
2019-07-10 09:52:03,537  INFO TomcatWebServer:90 - Tomcat initialized with port(s): 8888 (http)
2019-07-10 09:52:03,644  INFO ContextLoader:296 - Root WebApplicationContext: initialization completed in 1119 ms
2019-07-10 09:52:04,159  INFO DefaultSecurityFilterChain:43 - Creating filter chain: Ant [pattern='/css/**'], []
2019-07-10 09:52:04,175  INFO DefaultSecurityFilterChain:43 - Creating filter chain: Ant [pattern='/js/**'], []
2019-07-10 09:52:04,212  INFO DefaultSecurityFilterChain:43 - Creating filter chain: any request, [org.springframework.security.web.context.request.async.WebAsyncManagerIntegrationFilter@2b08772d, org.springframework.security.web.context.SecurityContextPersistenceFilter@286855ea, org.springframework.security.web.header.HeaderWriterFilter@47b269c4, org.springframework.security.web.authentication.logout.LogoutFilter@17207f5b, org.springframework.security.web.authentication.UsernamePasswordAuthenticationFilter@7f4596d0, org.springframework.security.web.savedrequest.RequestCacheAwareFilter@1e3df614, org.springframework.security.web.servletapi.SecurityContextHolderAwareRequestFilter@7e87ef9e, org.springframework.security.web.authentication.rememberme.RememberMeAuthenticationFilter@588545ac, org.springframework.security.web.authentication.AnonymousAuthenticationFilter@78a8978a, org.springframework.security.web.session.SessionManagementFilter@32091c14, org.springframework.security.web.access.ExceptionTranslationFilter@b791a81, org.springframework.security.web.access.intercept.FilterSecurityInterceptor@704067c6]
2019-07-10 09:52:04,403  INFO ThreadPoolTaskExecutor:171 - Initializing ExecutorService 'applicationTaskExecutor'
2019-07-10 09:52:04,885  INFO TomcatWebServer:204 - Tomcat started on port(s): 8888 (http) with context path ''
2019-07-10 09:52:04,887  INFO DemoApplication:59 - Started DemoApplication in 2.604 seconds (JVM running for 3.471)
2019-07-10 09:52:11,564  INFO DispatcherServlet:524 - Initializing Servlet 'dispatcherServlet'
2019-07-10 09:52:11,570  INFO DispatcherServlet:546 - Completed initialization in 6 ms
2019-07-10 09:52:11,594 ERROR DruidDataSource:1087 - testWhileIdle is true, validationQuery not set
2019-07-10 09:52:11,598  INFO DruidDataSource:947 - {dataSource-1} inited
2019-07-10 09:58:36,412  INFO ThreadPoolTaskExecutor:208 - Shutting down ExecutorService 'applicationTaskExecutor'
2019-07-10 09:58:36,428  INFO DruidDataSource:1863 - {dataSource-1} closed
2019-07-10 09:58:39,738  INFO Version:21 - HV000001: Hibernate Validator 6.0.13.Final
2019-07-10 09:58:39,908  INFO DemoApplication:50 - Starting DemoApplication on DESKTOP-FM9LK77 with PID 2320 (D:\bbgog\com.bbdog\demo\target\classes started by wg103 in D:\bbgog\com.bbdog)
2019-07-10 09:58:39,909  INFO DemoApplication:675 - No active profile set, falling back to default profiles: default
2019-07-10 09:58:40,505  INFO RepositoryConfigurationDelegate:244 - Multiple Spring Data modules found, entering strict repository configuration mode!
2019-07-10 09:58:40,507  INFO RepositoryConfigurationDelegate:126 - Bootstrapping Spring Data repositories in DEFAULT mode.
2019-07-10 09:58:40,534  INFO RepositoryConfigurationDelegate:182 - Finished Spring Data repository scanning in 15ms. Found 0 repository interfaces.
2019-07-10 09:58:40,777  INFO PostProcessorRegistrationDelegate$BeanPostProcessorChecker:330 - Bean 'org.springframework.security.config.annotation.configuration.ObjectPostProcessorConfiguration' of type [org.springframework.security.config.annotation.configuration.ObjectPostProcessorConfiguration$$EnhancerBySpringCGLIB$$1903c9a2] is not eligible for getting processed by all BeanPostProcessors (for example: not eligible for auto-proxying)
2019-07-10 09:58:40,793  INFO PostProcessorRegistrationDelegate$BeanPostProcessorChecker:330 - Bean 'org.springframework.transaction.annotation.ProxyTransactionManagementConfiguration' of type [org.springframework.transaction.annotation.ProxyTransactionManagementConfiguration$$EnhancerBySpringCGLIB$$80560168] is not eligible for getting processed by all BeanPostProcessors (for example: not eligible for auto-proxying)
2019-07-10 09:58:40,812  INFO PostProcessorRegistrationDelegate$BeanPostProcessorChecker:330 - Bean 'objectPostProcessor' of type [org.springframework.security.config.annotation.configuration.AutowireBeanFactoryObjectPostProcessor] is not eligible for getting processed by all BeanPostProcessors (for example: not eligible for auto-proxying)
2019-07-10 09:58:40,813  INFO PostProcessorRegistrationDelegate$BeanPostProcessorChecker:330 - Bean 'org.springframework.security.access.expression.method.DefaultMethodSecurityExpressionHandler@6e1b9411' of type [org.springframework.security.access.expression.method.DefaultMethodSecurityExpressionHandler] is not eligible for getting processed by all BeanPostProcessors (for example: not eligible for auto-proxying)
2019-07-10 09:58:40,815  INFO PostProcessorRegistrationDelegate$BeanPostProcessorChecker:330 - Bean 'org.springframework.security.config.annotation.method.configuration.GlobalMethodSecurityConfiguration' of type [org.springframework.security.config.annotation.method.configuration.GlobalMethodSecurityConfiguration$$EnhancerBySpringCGLIB$$3dd86c54] is not eligible for getting processed by all BeanPostProcessors (for example: not eligible for auto-proxying)
2019-07-10 09:58:40,818  INFO PostProcessorRegistrationDelegate$BeanPostProcessorChecker:330 - Bean 'methodSecurityMetadataSource' of type [org.springframework.security.access.method.DelegatingMethodSecurityMetadataSource] is not eligible for getting processed by all BeanPostProcessors (for example: not eligible for auto-proxying)
2019-07-10 09:58:41,044  INFO TomcatWebServer:90 - Tomcat initialized with port(s): 8888 (http)
2019-07-10 09:58:41,219  INFO ContextLoader:296 - Root WebApplicationContext: initialization completed in 1272 ms
2019-07-10 09:58:41,759  INFO DefaultSecurityFilterChain:43 - Creating filter chain: Ant [pattern='/css/**'], []
2019-07-10 09:58:41,759  INFO DefaultSecurityFilterChain:43 - Creating filter chain: Ant [pattern='/js/**'], []
2019-07-10 09:58:41,790  INFO DefaultSecurityFilterChain:43 - Creating filter chain: any request, [org.springframework.security.web.context.request.async.WebAsyncManagerIntegrationFilter@1ca3d25b, org.springframework.security.web.context.SecurityContextPersistenceFilter@69de5bed, org.springframework.security.web.header.HeaderWriterFilter@67fa5045, org.springframework.security.web.authentication.logout.LogoutFilter@68ab6ab0, org.springframework.security.web.authentication.UsernamePasswordAuthenticationFilter@4c6a4ffd, org.springframework.security.web.savedrequest.RequestCacheAwareFilter@996a546, org.springframework.security.web.servletapi.SecurityContextHolderAwareRequestFilter@6cae2e4d, org.springframework.security.web.authentication.rememberme.RememberMeAuthenticationFilter@3f1a9a53, org.springframework.security.web.authentication.AnonymousAuthenticationFilter@2287395, org.springframework.security.web.session.SessionManagementFilter@5974b233, org.springframework.security.web.access.ExceptionTranslationFilter@5ff00507, org.springframework.security.web.access.intercept.FilterSecurityInterceptor@3e33b52e]
2019-07-10 09:58:41,931  INFO ThreadPoolTaskExecutor:171 - Initializing ExecutorService 'applicationTaskExecutor'
2019-07-10 09:58:42,418  INFO TomcatWebServer:204 - Tomcat started on port(s): 8888 (http) with context path ''
2019-07-10 09:58:42,434  INFO DemoApplication:59 - Started DemoApplication in 2.794 seconds (JVM running for 3.745)
2019-07-10 09:58:56,761  INFO DispatcherServlet:524 - Initializing Servlet 'dispatcherServlet'
2019-07-10 09:58:56,768  INFO DispatcherServlet:546 - Completed initialization in 6 ms
2019-07-10 09:59:00,465 ERROR DruidDataSource:1087 - testWhileIdle is true, validationQuery not set
2019-07-10 09:59:00,468  INFO DruidDataSource:947 - {dataSource-1} inited
2019-07-10 10:02:52,449  INFO ThreadPoolTaskExecutor:208 - Shutting down ExecutorService 'applicationTaskExecutor'
2019-07-10 10:02:52,449  INFO DruidDataSource:1863 - {dataSource-1} closed
2019-07-10 10:02:56,694  INFO Version:21 - HV000001: Hibernate Validator 6.0.13.Final
2019-07-10 10:02:56,819  INFO DemoApplication:50 - Starting DemoApplication on DESKTOP-FM9LK77 with PID 2336 (D:\bbgog\com.bbdog\demo\target\classes started by wg103 in D:\bbgog\com.bbdog)
2019-07-10 10:02:56,819  INFO DemoApplication:675 - No active profile set, falling back to default profiles: default
2019-07-10 10:02:56,975  WARN AnnotationConfigServletWebServerApplicationContext:554 - Exception encountered during context initialization - cancelling refresh attempt: org.springframework.beans.factory.BeanDefinitionStoreException: Failed to parse configuration class [com.bbdog.demo.DemoApplication]; nested exception is java.io.FileNotFoundException: class path resource [classPath:admin.properties] cannot be opened because it does not exist
2019-07-10 10:02:57,101 ERROR SpringApplication:858 - Application run failed
org.springframework.beans.factory.BeanDefinitionStoreException: Failed to parse configuration class [com.bbdog.demo.DemoApplication]; nested exception is java.io.FileNotFoundException: class path resource [classPath:admin.properties] cannot be opened because it does not exist
	at org.springframework.context.annotation.ConfigurationClassParser.parse(ConfigurationClassParser.java:181)
	at org.springframework.context.annotation.ConfigurationClassPostProcessor.processConfigBeanDefinitions(ConfigurationClassPostProcessor.java:315)
	at org.springframework.context.annotation.ConfigurationClassPostProcessor.postProcessBeanDefinitionRegistry(ConfigurationClassPostProcessor.java:232)
	at org.springframework.context.support.PostProcessorRegistrationDelegate.invokeBeanDefinitionRegistryPostProcessors(PostProcessorRegistrationDelegate.java:275)
	at org.springframework.context.support.PostProcessorRegistrationDelegate.invokeBeanFactoryPostProcessors(PostProcessorRegistrationDelegate.java:95)
	at org.springframework.context.support.AbstractApplicationContext.invokeBeanFactoryPostProcessors(AbstractApplicationContext.java:691)
	at org.springframework.context.support.AbstractApplicationContext.refresh(AbstractApplicationContext.java:528)
	at org.springframework.boot.web.servlet.context.ServletWebServerApplicationContext.refresh(ServletWebServerApplicationContext.java:142)
	at org.springframework.boot.SpringApplication.refresh(SpringApplication.java:775)
	at org.springframework.boot.SpringApplication.refreshContext(SpringApplication.java:397)
	at org.springframework.boot.SpringApplication.run(SpringApplication.java:316)
	at org.springframework.boot.SpringApplication.run(SpringApplication.java:1260)
	at org.springframework.boot.SpringApplication.run(SpringApplication.java:1248)
	at com.bbdog.demo.DemoApplication.main(DemoApplication.java:14)
Caused by: java.io.FileNotFoundException: class path resource [classPath:admin.properties] cannot be opened because it does not exist
	at org.springframework.core.io.ClassPathResource.getInputStream(ClassPathResource.java:180)
	at org.springframework.core.io.support.EncodedResource.getInputStream(EncodedResource.java:159)
	at org.springframework.core.io.support.PropertiesLoaderUtils.fillProperties(PropertiesLoaderUtils.java:99)
	at org.springframework.core.io.support.PropertiesLoaderUtils.fillProperties(PropertiesLoaderUtils.java:73)
	at org.springframework.core.io.support.PropertiesLoaderUtils.loadProperties(PropertiesLoaderUtils.java:59)
	at org.springframework.core.io.support.ResourcePropertySource.<init>(ResourcePropertySource.java:67)
	at org.springframework.core.io.support.DefaultPropertySourceFactory.createPropertySource(DefaultPropertySourceFactory.java:37)
	at org.springframework.context.annotation.ConfigurationClassParser.processPropertySource(ConfigurationClassParser.java:452)
	at org.springframework.context.annotation.ConfigurationClassParser.doProcessConfigurationClass(ConfigurationClassParser.java:271)
	at org.springframework.context.annotation.ConfigurationClassParser.processConfigurationClass(ConfigurationClassParser.java:242)
	at org.springframework.context.annotation.ConfigurationClassParser.parse(ConfigurationClassParser.java:191)
	at org.springframework.context.annotation.ConfigurationClassParser.doProcessConfigurationClass(ConfigurationClassParser.java:295)
	at org.springframework.context.annotation.ConfigurationClassParser.processConfigurationClass(ConfigurationClassParser.java:242)
	at org.springframework.context.annotation.ConfigurationClassParser.parse(ConfigurationClassParser.java:199)
	at org.springframework.context.annotation.ConfigurationClassParser.parse(ConfigurationClassParser.java:167)
	... 13 more
2019-07-10 10:04:13,408  INFO Version:21 - HV000001: Hibernate Validator 6.0.13.Final
2019-07-10 10:04:13,533  INFO DemoApplication:50 - Starting DemoApplication on DESKTOP-FM9LK77 with PID 15132 (D:\bbgog\com.bbdog\demo\target\classes started by wg103 in D:\bbgog\com.bbdog)
2019-07-10 10:04:13,533  INFO DemoApplication:675 - No active profile set, falling back to default profiles: default
2019-07-10 10:04:13,705  WARN AnnotationConfigServletWebServerApplicationContext:554 - Exception encountered during context initialization - cancelling refresh attempt: org.springframework.beans.factory.BeanDefinitionStoreException: Failed to parse configuration class [com.bbdog.demo.DemoApplication]; nested exception is java.io.FileNotFoundException: class path resource [classPath:/admin.properties] cannot be opened because it does not exist
2019-07-10 10:04:13,830 ERROR SpringApplication:858 - Application run failed
org.springframework.beans.factory.BeanDefinitionStoreException: Failed to parse configuration class [com.bbdog.demo.DemoApplication]; nested exception is java.io.FileNotFoundException: class path resource [classPath:/admin.properties] cannot be opened because it does not exist
	at org.springframework.context.annotation.ConfigurationClassParser.parse(ConfigurationClassParser.java:181)
	at org.springframework.context.annotation.ConfigurationClassPostProcessor.processConfigBeanDefinitions(ConfigurationClassPostProcessor.java:315)
	at org.springframework.context.annotation.ConfigurationClassPostProcessor.postProcessBeanDefinitionRegistry(ConfigurationClassPostProcessor.java:232)
	at org.springframework.context.support.PostProcessorRegistrationDelegate.invokeBeanDefinitionRegistryPostProcessors(PostProcessorRegistrationDelegate.java:275)
	at org.springframework.context.support.PostProcessorRegistrationDelegate.invokeBeanFactoryPostProcessors(PostProcessorRegistrationDelegate.java:95)
	at org.springframework.context.support.AbstractApplicationContext.invokeBeanFactoryPostProcessors(AbstractApplicationContext.java:691)
	at org.springframework.context.support.AbstractApplicationContext.refresh(AbstractApplicationContext.java:528)
	at org.springframework.boot.web.servlet.context.ServletWebServerApplicationContext.refresh(ServletWebServerApplicationContext.java:142)
	at org.springframework.boot.SpringApplication.refresh(SpringApplication.java:775)
	at org.springframework.boot.SpringApplication.refreshContext(SpringApplication.java:397)
	at org.springframework.boot.SpringApplication.run(SpringApplication.java:316)
	at org.springframework.boot.SpringApplication.run(SpringApplication.java:1260)
	at org.springframework.boot.SpringApplication.run(SpringApplication.java:1248)
	at com.bbdog.demo.DemoApplication.main(DemoApplication.java:14)
Caused by: java.io.FileNotFoundException: class path resource [classPath:/admin.properties] cannot be opened because it does not exist
	at org.springframework.core.io.ClassPathResource.getInputStream(ClassPathResource.java:180)
	at org.springframework.core.io.support.EncodedResource.getInputStream(EncodedResource.java:159)
	at org.springframework.core.io.support.PropertiesLoaderUtils.fillProperties(PropertiesLoaderUtils.java:99)
	at org.springframework.core.io.support.PropertiesLoaderUtils.fillProperties(PropertiesLoaderUtils.java:73)
	at org.springframework.core.io.support.PropertiesLoaderUtils.loadProperties(PropertiesLoaderUtils.java:59)
	at org.springframework.core.io.support.ResourcePropertySource.<init>(ResourcePropertySource.java:67)
	at org.springframework.core.io.support.DefaultPropertySourceFactory.createPropertySource(DefaultPropertySourceFactory.java:37)
	at org.springframework.context.annotation.ConfigurationClassParser.processPropertySource(ConfigurationClassParser.java:452)
	at org.springframework.context.annotation.ConfigurationClassParser.doProcessConfigurationClass(ConfigurationClassParser.java:271)
	at org.springframework.context.annotation.ConfigurationClassParser.processConfigurationClass(ConfigurationClassParser.java:242)
	at org.springframework.context.annotation.ConfigurationClassParser.parse(ConfigurationClassParser.java:191)
	at org.springframework.context.annotation.ConfigurationClassParser.doProcessConfigurationClass(ConfigurationClassParser.java:295)
	at org.springframework.context.annotation.ConfigurationClassParser.processConfigurationClass(ConfigurationClassParser.java:242)
	at org.springframework.context.annotation.ConfigurationClassParser.parse(ConfigurationClassParser.java:199)
	at org.springframework.context.annotation.ConfigurationClassParser.parse(ConfigurationClassParser.java:167)
	... 13 more
2019-07-10 10:04:57,351  INFO Version:21 - HV000001: Hibernate Validator 6.0.13.Final
2019-07-10 10:04:57,470  INFO DemoApplication:50 - Starting DemoApplication on DESKTOP-FM9LK77 with PID 12784 (D:\bbgog\com.bbdog\demo\target\classes started by wg103 in D:\bbgog\com.bbdog)
2019-07-10 10:04:57,471  INFO DemoApplication:675 - No active profile set, falling back to default profiles: default
2019-07-10 10:04:58,088  INFO RepositoryConfigurationDelegate:244 - Multiple Spring Data modules found, entering strict repository configuration mode!
2019-07-10 10:04:58,088  INFO RepositoryConfigurationDelegate:126 - Bootstrapping Spring Data repositories in DEFAULT mode.
2019-07-10 10:04:58,103  INFO RepositoryConfigurationDelegate:182 - Finished Spring Data repository scanning in 15ms. Found 0 repository interfaces.
2019-07-10 10:04:58,338  INFO PostProcessorRegistrationDelegate$BeanPostProcessorChecker:330 - Bean 'org.springframework.security.config.annotation.configuration.ObjectPostProcessorConfiguration' of type [org.springframework.security.config.annotation.configuration.ObjectPostProcessorConfiguration$$EnhancerBySpringCGLIB$$5cd08d7f] is not eligible for getting processed by all BeanPostProcessors (for example: not eligible for auto-proxying)
2019-07-10 10:04:58,353  INFO PostProcessorRegistrationDelegate$BeanPostProcessorChecker:330 - Bean 'org.springframework.transaction.annotation.ProxyTransactionManagementConfiguration' of type [org.springframework.transaction.annotation.ProxyTransactionManagementConfiguration$$EnhancerBySpringCGLIB$$c422c545] is not eligible for getting processed by all BeanPostProcessors (for example: not eligible for auto-proxying)
2019-07-10 10:04:58,369  INFO PostProcessorRegistrationDelegate$BeanPostProcessorChecker:330 - Bean 'objectPostProcessor' of type [org.springframework.security.config.annotation.configuration.AutowireBeanFactoryObjectPostProcessor] is not eligible for getting processed by all BeanPostProcessors (for example: not eligible for auto-proxying)
2019-07-10 10:04:58,369  INFO PostProcessorRegistrationDelegate$BeanPostProcessorChecker:330 - Bean 'org.springframework.security.access.expression.method.DefaultMethodSecurityExpressionHandler@e322ec9' of type [org.springframework.security.access.expression.method.DefaultMethodSecurityExpressionHandler] is not eligible for getting processed by all BeanPostProcessors (for example: not eligible for auto-proxying)
2019-07-10 10:04:58,369  INFO PostProcessorRegistrationDelegate$BeanPostProcessorChecker:330 - Bean 'org.springframework.security.config.annotation.method.configuration.GlobalMethodSecurityConfiguration' of type [org.springframework.security.config.annotation.method.configuration.GlobalMethodSecurityConfiguration$$EnhancerBySpringCGLIB$$81a53031] is not eligible for getting processed by all BeanPostProcessors (for example: not eligible for auto-proxying)
2019-07-10 10:04:58,369  INFO PostProcessorRegistrationDelegate$BeanPostProcessorChecker:330 - Bean 'methodSecurityMetadataSource' of type [org.springframework.security.access.method.DelegatingMethodSecurityMetadataSource] is not eligible for getting processed by all BeanPostProcessors (for example: not eligible for auto-proxying)
2019-07-10 10:04:58,588  INFO TomcatWebServer:90 - Tomcat initialized with port(s): 8888 (http)
2019-07-10 10:04:58,713  INFO ContextLoader:296 - Root WebApplicationContext: initialization completed in 1186 ms
2019-07-10 10:04:59,353  INFO DefaultSecurityFilterChain:43 - Creating filter chain: Ant [pattern='/css/**'], []
2019-07-10 10:04:59,353  INFO DefaultSecurityFilterChain:43 - Creating filter chain: Ant [pattern='/js/**'], []
2019-07-10 10:04:59,384  INFO DefaultSecurityFilterChain:43 - Creating filter chain: any request, [org.springframework.security.web.context.request.async.WebAsyncManagerIntegrationFilter@5d318e91, org.springframework.security.web.context.SecurityContextPersistenceFilter@39941489, org.springframework.security.web.header.HeaderWriterFilter@1980a3f, org.springframework.security.web.authentication.logout.LogoutFilter@7a1b8a46, org.springframework.security.web.authentication.UsernamePasswordAuthenticationFilter@5af5d76f, org.springframework.security.web.savedrequest.RequestCacheAwareFilter@67332b1e, org.springframework.security.web.servletapi.SecurityContextHolderAwareRequestFilter@1ca610a0, org.springframework.security.web.authentication.rememberme.RememberMeAuthenticationFilter@1eb9a3ef, org.springframework.security.web.authentication.AnonymousAuthenticationFilter@298b64f7, org.springframework.security.web.session.SessionManagementFilter@536b71b4, org.springframework.security.web.access.ExceptionTranslationFilter@3e214105, org.springframework.security.web.access.intercept.FilterSecurityInterceptor@6fe595dc]
2019-07-10 10:04:59,525  INFO ThreadPoolTaskExecutor:171 - Initializing ExecutorService 'applicationTaskExecutor'
2019-07-10 10:05:00,122  INFO TomcatWebServer:204 - Tomcat started on port(s): 8888 (http) with context path ''
2019-07-10 10:05:00,137  INFO DemoApplication:59 - Started DemoApplication in 2.868 seconds (JVM running for 3.576)
2019-07-10 10:05:44,651  INFO DispatcherServlet:524 - Initializing Servlet 'dispatcherServlet'
2019-07-10 10:05:44,658  INFO DispatcherServlet:546 - Completed initialization in 7 ms
2019-07-10 10:05:46,014 ERROR DruidDataSource:1087 - testWhileIdle is true, validationQuery not set
2019-07-10 10:05:46,017  INFO DruidDataSource:947 - {dataSource-1} inited
2019-07-10 10:06:09,951  INFO ThreadPoolTaskExecutor:208 - Shutting down ExecutorService 'applicationTaskExecutor'
2019-07-10 10:06:09,956  INFO DruidDataSource:1863 - {dataSource-1} closed
2019-07-10 10:06:12,690  INFO Version:21 - HV000001: Hibernate Validator 6.0.13.Final
2019-07-10 10:06:12,815  INFO DemoApplication:50 - Starting DemoApplication on DESKTOP-FM9LK77 with PID 19396 (D:\bbgog\com.bbdog\demo\target\classes started by wg103 in D:\bbgog\com.bbdog)
2019-07-10 10:06:12,816  INFO DemoApplication:675 - No active profile set, falling back to default profiles: default
2019-07-10 10:06:13,360  INFO RepositoryConfigurationDelegate:244 - Multiple Spring Data modules found, entering strict repository configuration mode!
2019-07-10 10:06:13,360  INFO RepositoryConfigurationDelegate:126 - Bootstrapping Spring Data repositories in DEFAULT mode.
2019-07-10 10:06:13,391  INFO RepositoryConfigurationDelegate:182 - Finished Spring Data repository scanning in 15ms. Found 0 repository interfaces.
2019-07-10 10:06:13,626  INFO PostProcessorRegistrationDelegate$BeanPostProcessorChecker:330 - Bean 'org.springframework.security.config.annotation.configuration.ObjectPostProcessorConfiguration' of type [org.springframework.security.config.annotation.configuration.ObjectPostProcessorConfiguration$$EnhancerBySpringCGLIB$$c8cbabb2] is not eligible for getting processed by all BeanPostProcessors (for example: not eligible for auto-proxying)
2019-07-10 10:06:13,626  INFO PostProcessorRegistrationDelegate$BeanPostProcessorChecker:330 - Bean 'org.springframework.transaction.annotation.ProxyTransactionManagementConfiguration' of type [org.springframework.transaction.annotation.ProxyTransactionManagementConfiguration$$EnhancerBySpringCGLIB$$301de378] is not eligible for getting processed by all BeanPostProcessors (for example: not eligible for auto-proxying)
2019-07-10 10:06:13,641  INFO PostProcessorRegistrationDelegate$BeanPostProcessorChecker:330 - Bean 'objectPostProcessor' of type [org.springframework.security.config.annotation.configuration.AutowireBeanFactoryObjectPostProcessor] is not eligible for getting processed by all BeanPostProcessors (for example: not eligible for auto-proxying)
2019-07-10 10:06:13,641  INFO PostProcessorRegistrationDelegate$BeanPostProcessorChecker:330 - Bean 'org.springframework.security.access.expression.method.DefaultMethodSecurityExpressionHandler@3cf7298d' of type [org.springframework.security.access.expression.method.DefaultMethodSecurityExpressionHandler] is not eligible for getting processed by all BeanPostProcessors (for example: not eligible for auto-proxying)
2019-07-10 10:06:13,641  INFO PostProcessorRegistrationDelegate$BeanPostProcessorChecker:330 - Bean 'org.springframework.security.config.annotation.method.configuration.GlobalMethodSecurityConfiguration' of type [org.springframework.security.config.annotation.method.configuration.GlobalMethodSecurityConfiguration$$EnhancerBySpringCGLIB$$eda04e64] is not eligible for getting processed by all BeanPostProcessors (for example: not eligible for auto-proxying)
2019-07-10 10:06:13,641  INFO PostProcessorRegistrationDelegate$BeanPostProcessorChecker:330 - Bean 'methodSecurityMetadataSource' of type [org.springframework.security.access.method.DelegatingMethodSecurityMetadataSource] is not eligible for getting processed by all BeanPostProcessors (for example: not eligible for auto-proxying)
2019-07-10 10:06:13,844  INFO TomcatWebServer:90 - Tomcat initialized with port(s): 8888 (http)
2019-07-10 10:06:13,953  INFO ContextLoader:296 - Root WebApplicationContext: initialization completed in 1101 ms
2019-07-10 10:06:14,642  INFO DefaultSecurityFilterChain:43 - Creating filter chain: Ant [pattern='/css/**'], []
2019-07-10 10:06:14,642  INFO DefaultSecurityFilterChain:43 - Creating filter chain: Ant [pattern='/js/**'], []
2019-07-10 10:06:14,677  INFO DefaultSecurityFilterChain:43 - Creating filter chain: any request, [org.springframework.security.web.context.request.async.WebAsyncManagerIntegrationFilter@3a8cea24, org.springframework.security.web.context.SecurityContextPersistenceFilter@64b70f41, org.springframework.security.web.header.HeaderWriterFilter@38f981b6, org.springframework.security.web.authentication.logout.LogoutFilter@ac91282, org.springframework.security.web.authentication.UsernamePasswordAuthenticationFilter@7b2bf745, org.springframework.security.web.savedrequest.RequestCacheAwareFilter@16134476, org.springframework.security.web.servletapi.SecurityContextHolderAwareRequestFilter@60cb1ed6, org.springframework.security.web.authentication.rememberme.RememberMeAuthenticationFilter@5af5d76f, org.springframework.security.web.authentication.AnonymousAuthenticationFilter@1eb9a3ef, org.springframework.security.web.session.SessionManagementFilter@7bbfc5ff, org.springframework.security.web.access.ExceptionTranslationFilter@2287395, org.springframework.security.web.access.intercept.FilterSecurityInterceptor@45843650]
2019-07-10 10:06:14,833  INFO ThreadPoolTaskExecutor:171 - Initializing ExecutorService 'applicationTaskExecutor'
2019-07-10 10:06:15,348  INFO TomcatWebServer:204 - Tomcat started on port(s): 8888 (http) with context path ''
2019-07-10 10:06:15,350  INFO DemoApplication:59 - Started DemoApplication in 2.755 seconds (JVM running for 3.421)
2019-07-10 10:06:15,486  INFO DispatcherServlet:524 - Initializing Servlet 'dispatcherServlet'
2019-07-10 10:06:15,491  INFO DispatcherServlet:546 - Completed initialization in 5 ms
2019-07-10 10:06:17,584 ERROR DruidDataSource:1087 - testWhileIdle is true, validationQuery not set
2019-07-10 10:06:17,588  INFO DruidDataSource:947 - {dataSource-1} inited
2019-07-10 10:06:44,630  INFO ThreadPoolTaskExecutor:208 - Shutting down ExecutorService 'applicationTaskExecutor'
2019-07-10 10:06:44,630  INFO DruidDataSource:1863 - {dataSource-1} closed
2019-07-10 10:06:47,652  INFO Version:21 - HV000001: Hibernate Validator 6.0.13.Final
2019-07-10 10:06:47,777  INFO DemoApplication:50 - Starting DemoApplication on DESKTOP-FM9LK77 with PID 1392 (D:\bbgog\com.bbdog\demo\target\classes started by wg103 in D:\bbgog\com.bbdog)
2019-07-10 10:06:47,777  INFO DemoApplication:675 - No active profile set, falling back to default profiles: default
2019-07-10 10:06:48,323  INFO RepositoryConfigurationDelegate:244 - Multiple Spring Data modules found, entering strict repository configuration mode!
2019-07-10 10:06:48,323  INFO RepositoryConfigurationDelegate:126 - Bootstrapping Spring Data repositories in DEFAULT mode.
2019-07-10 10:06:48,355  INFO RepositoryConfigurationDelegate:182 - Finished Spring Data repository scanning in 16ms. Found 0 repository interfaces.
2019-07-10 10:06:48,589  INFO PostProcessorRegistrationDelegate$BeanPostProcessorChecker:330 - Bean 'org.springframework.security.config.annotation.configuration.ObjectPostProcessorConfiguration' of type [org.springframework.security.config.annotation.configuration.ObjectPostProcessorConfiguration$$EnhancerBySpringCGLIB$$72116b9c] is not eligible for getting processed by all BeanPostProcessors (for example: not eligible for auto-proxying)
2019-07-10 10:06:48,589  INFO PostProcessorRegistrationDelegate$BeanPostProcessorChecker:330 - Bean 'org.springframework.transaction.annotation.ProxyTransactionManagementConfiguration' of type [org.springframework.transaction.annotation.ProxyTransactionManagementConfiguration$$EnhancerBySpringCGLIB$$d963a362] is not eligible for getting processed by all BeanPostProcessors (for example: not eligible for auto-proxying)
2019-07-10 10:06:48,605  INFO PostProcessorRegistrationDelegate$BeanPostProcessorChecker:330 - Bean 'objectPostProcessor' of type [org.springframework.security.config.annotation.configuration.AutowireBeanFactoryObjectPostProcessor] is not eligible for getting processed by all BeanPostProcessors (for example: not eligible for auto-proxying)
2019-07-10 10:06:48,605  INFO PostProcessorRegistrationDelegate$BeanPostProcessorChecker:330 - Bean 'org.springframework.security.access.expression.method.DefaultMethodSecurityExpressionHandler@4726927c' of type [org.springframework.security.access.expression.method.DefaultMethodSecurityExpressionHandler] is not eligible for getting processed by all BeanPostProcessors (for example: not eligible for auto-proxying)
2019-07-10 10:06:48,605  INFO PostProcessorRegistrationDelegate$BeanPostProcessorChecker:330 - Bean 'org.springframework.security.config.annotation.method.configuration.GlobalMethodSecurityConfiguration' of type [org.springframework.security.config.annotation.method.configuration.GlobalMethodSecurityConfiguration$$EnhancerBySpringCGLIB$$96e60e4e] is not eligible for getting processed by all BeanPostProcessors (for example: not eligible for auto-proxying)
2019-07-10 10:06:48,605  INFO PostProcessorRegistrationDelegate$BeanPostProcessorChecker:330 - Bean 'methodSecurityMetadataSource' of type [org.springframework.security.access.method.DelegatingMethodSecurityMetadataSource] is not eligible for getting processed by all BeanPostProcessors (for example: not eligible for auto-proxying)
2019-07-10 10:06:48,823  INFO TomcatWebServer:90 - Tomcat initialized with port(s): 8888 (http)
2019-07-10 10:06:48,933  INFO ContextLoader:296 - Root WebApplicationContext: initialization completed in 1125 ms
2019-07-10 10:06:49,573  INFO DefaultSecurityFilterChain:43 - Creating filter chain: Ant [pattern='/css/**'], []
2019-07-10 10:06:49,589  INFO DefaultSecurityFilterChain:43 - Creating filter chain: Ant [pattern='/js/**'], []
2019-07-10 10:06:49,620  INFO DefaultSecurityFilterChain:43 - Creating filter chain: any request, [org.springframework.security.web.context.request.async.WebAsyncManagerIntegrationFilter@47b269c4, org.springframework.security.web.context.SecurityContextPersistenceFilter@2251b3bc, org.springframework.security.web.header.HeaderWriterFilter@7698b7a4, org.springframework.security.web.authentication.logout.LogoutFilter@ee8e7ff, org.springframework.security.web.authentication.UsernamePasswordAuthenticationFilter@629a9f26, org.springframework.security.web.savedrequest.RequestCacheAwareFilter@3c232051, org.springframework.security.web.servletapi.SecurityContextHolderAwareRequestFilter@3f1a9a53, org.springframework.security.web.authentication.rememberme.RememberMeAuthenticationFilter@4391a2d8, org.springframework.security.web.authentication.AnonymousAuthenticationFilter@71e7adbb, org.springframework.security.web.session.SessionManagementFilter@28157173, org.springframework.security.web.access.ExceptionTranslationFilter@21de60a7, org.springframework.security.web.access.intercept.FilterSecurityInterceptor@1983b48a]
2019-07-10 10:06:49,776  INFO ThreadPoolTaskExecutor:171 - Initializing ExecutorService 'applicationTaskExecutor'
2019-07-10 10:06:50,276  INFO TomcatWebServer:204 - Tomcat started on port(s): 8888 (http) with context path ''
2019-07-10 10:06:50,276  INFO DemoApplication:59 - Started DemoApplication in 2.734 seconds (JVM running for 3.448)
2019-07-10 10:06:53,523  INFO DispatcherServlet:524 - Initializing Servlet 'dispatcherServlet'
2019-07-10 10:06:53,529  INFO DispatcherServlet:546 - Completed initialization in 6 ms
2019-07-10 10:06:53,554 ERROR DruidDataSource:1087 - testWhileIdle is true, validationQuery not set
2019-07-10 10:06:53,557  INFO DruidDataSource:947 - {dataSource-1} inited
2019-07-10 10:07:05,708  INFO LoginController:24 - 当前登陆用户：admin
2019-07-10 10:07:05,895  INFO LoginController:24 - 当前登陆用户：admin
2019-07-10 10:08:10,080  INFO ThreadPoolTaskExecutor:208 - Shutting down ExecutorService 'applicationTaskExecutor'
2019-07-10 10:08:10,080  INFO DruidDataSource:1863 - {dataSource-1} closed
2019-07-10 10:08:13,399  INFO Version:21 - HV000001: Hibernate Validator 6.0.13.Final
2019-07-10 10:08:13,524  INFO DemoApplication:50 - Starting DemoApplication on DESKTOP-FM9LK77 with PID 15632 (D:\bbgog\com.bbdog\demo\target\classes started by wg103 in D:\bbgog\com.bbdog)
2019-07-10 10:08:13,524  INFO DemoApplication:675 - No active profile set, falling back to default profiles: default
2019-07-10 10:08:14,118  INFO RepositoryConfigurationDelegate:244 - Multiple Spring Data modules found, entering strict repository configuration mode!
2019-07-10 10:08:14,118  INFO RepositoryConfigurationDelegate:126 - Bootstrapping Spring Data repositories in DEFAULT mode.
2019-07-10 10:08:14,133  INFO RepositoryConfigurationDelegate:182 - Finished Spring Data repository scanning in 15ms. Found 0 repository interfaces.
2019-07-10 10:08:14,383  INFO PostProcessorRegistrationDelegate$BeanPostProcessorChecker:330 - Bean 'org.springframework.security.config.annotation.configuration.ObjectPostProcessorConfiguration' of type [org.springframework.security.config.annotation.configuration.ObjectPostProcessorConfiguration$$EnhancerBySpringCGLIB$$8da31e95] is not eligible for getting processed by all BeanPostProcessors (for example: not eligible for auto-proxying)
2019-07-10 10:08:14,399  INFO PostProcessorRegistrationDelegate$BeanPostProcessorChecker:330 - Bean 'org.springframework.transaction.annotation.ProxyTransactionManagementConfiguration' of type [org.springframework.transaction.annotation.ProxyTransactionManagementConfiguration$$EnhancerBySpringCGLIB$$f4f5565b] is not eligible for getting processed by all BeanPostProcessors (for example: not eligible for auto-proxying)
2019-07-10 10:08:14,415  INFO PostProcessorRegistrationDelegate$BeanPostProcessorChecker:330 - Bean 'objectPostProcessor' of type [org.springframework.security.config.annotation.configuration.AutowireBeanFactoryObjectPostProcessor] is not eligible for getting processed by all BeanPostProcessors (for example: not eligible for auto-proxying)
2019-07-10 10:08:14,415  INFO PostProcessorRegistrationDelegate$BeanPostProcessorChecker:330 - Bean 'org.springframework.security.access.expression.method.DefaultMethodSecurityExpressionHandler@244e619a' of type [org.springframework.security.access.expression.method.DefaultMethodSecurityExpressionHandler] is not eligible for getting processed by all BeanPostProcessors (for example: not eligible for auto-proxying)
2019-07-10 10:08:14,415  INFO PostProcessorRegistrationDelegate$BeanPostProcessorChecker:330 - Bean 'org.springframework.security.config.annotation.method.configuration.GlobalMethodSecurityConfiguration' of type [org.springframework.security.config.annotation.method.configuration.GlobalMethodSecurityConfiguration$$EnhancerBySpringCGLIB$$b277c147] is not eligible for getting processed by all BeanPostProcessors (for example: not eligible for auto-proxying)
2019-07-10 10:08:14,415  INFO PostProcessorRegistrationDelegate$BeanPostProcessorChecker:330 - Bean 'methodSecurityMetadataSource' of type [org.springframework.security.access.method.DelegatingMethodSecurityMetadataSource] is not eligible for getting processed by all BeanPostProcessors (for example: not eligible for auto-proxying)
2019-07-10 10:08:14,633  INFO TomcatWebServer:90 - Tomcat initialized with port(s): 8888 (http)
2019-07-10 10:08:14,743  INFO ContextLoader:296 - Root WebApplicationContext: initialization completed in 1172 ms
2019-07-10 10:08:15,305  INFO DefaultSecurityFilterChain:43 - Creating filter chain: Ant [pattern='/css/**'], []
2019-07-10 10:08:15,305  INFO DefaultSecurityFilterChain:43 - Creating filter chain: Ant [pattern='/js/**'], []
2019-07-10 10:08:15,336  INFO DefaultSecurityFilterChain:43 - Creating filter chain: any request, [org.springframework.security.web.context.request.async.WebAsyncManagerIntegrationFilter@64bebd55, org.springframework.security.web.context.SecurityContextPersistenceFilter@4c6a4ffd, org.springframework.security.web.header.HeaderWriterFilter@18dd5ed3, org.springframework.security.web.authentication.logout.LogoutFilter@6f5d0190, org.springframework.security.web.authentication.UsernamePasswordAuthenticationFilter@6f6efa4f, org.springframework.security.web.savedrequest.RequestCacheAwareFilter@3f1a9a53, org.springframework.security.web.servletapi.SecurityContextHolderAwareRequestFilter@62b09715, org.springframework.security.web.authentication.rememberme.RememberMeAuthenticationFilter@6b357eb6, org.springframework.security.web.authentication.AnonymousAuthenticationFilter@7c1a8f0f, org.springframework.security.web.session.SessionManagementFilter@24043ec5, org.springframework.security.web.access.ExceptionTranslationFilter@4130a648, org.springframework.security.web.access.intercept.FilterSecurityInterceptor@1e1232cf]
2019-07-10 10:08:15,477  INFO ThreadPoolTaskExecutor:171 - Initializing ExecutorService 'applicationTaskExecutor'
2019-07-10 10:08:15,977  INFO TomcatWebServer:204 - Tomcat started on port(s): 8888 (http) with context path ''
2019-07-10 10:08:15,977  INFO DemoApplication:59 - Started DemoApplication in 2.703 seconds (JVM running for 3.443)
2019-07-10 10:08:31,420  INFO DispatcherServlet:524 - Initializing Servlet 'dispatcherServlet'
2019-07-10 10:08:31,427  INFO DispatcherServlet:546 - Completed initialization in 7 ms
2019-07-10 10:08:33,622 ERROR DruidDataSource:1087 - testWhileIdle is true, validationQuery not set
2019-07-10 10:08:33,625  INFO DruidDataSource:947 - {dataSource-1} inited
2019-07-10 10:20:00,164  INFO ThreadPoolTaskExecutor:208 - Shutting down ExecutorService 'applicationTaskExecutor'
2019-07-10 10:20:00,164  INFO DruidDataSource:1863 - {dataSource-1} closed
2019-07-10 10:20:05,701  INFO Version:21 - HV000001: Hibernate Validator 6.0.13.Final
2019-07-10 10:20:05,826  INFO DemoApplication:50 - Starting DemoApplication on DESKTOP-FM9LK77 with PID 12516 (D:\bbgog\com.bbdog\demo\target\classes started by wg103 in D:\bbgog\com.bbdog)
2019-07-10 10:20:05,826  INFO DemoApplication:675 - No active profile set, falling back to default profiles: default
2019-07-10 10:20:06,373  INFO RepositoryConfigurationDelegate:244 - Multiple Spring Data modules found, entering strict repository configuration mode!
2019-07-10 10:20:06,373  INFO RepositoryConfigurationDelegate:126 - Bootstrapping Spring Data repositories in DEFAULT mode.
2019-07-10 10:20:06,404  INFO RepositoryConfigurationDelegate:182 - Finished Spring Data repository scanning in 16ms. Found 0 repository interfaces.
2019-07-10 10:20:06,638  INFO PostProcessorRegistrationDelegate$BeanPostProcessorChecker:330 - Bean 'org.springframework.security.config.annotation.configuration.ObjectPostProcessorConfiguration' of type [org.springframework.security.config.annotation.configuration.ObjectPostProcessorConfiguration$$EnhancerBySpringCGLIB$$b0687df0] is not eligible for getting processed by all BeanPostProcessors (for example: not eligible for auto-proxying)
2019-07-10 10:20:06,638  INFO PostProcessorRegistrationDelegate$BeanPostProcessorChecker:330 - Bean 'org.springframework.transaction.annotation.ProxyTransactionManagementConfiguration' of type [org.springframework.transaction.annotation.ProxyTransactionManagementConfiguration$$EnhancerBySpringCGLIB$$17bab5b6] is not eligible for getting processed by all BeanPostProcessors (for example: not eligible for auto-proxying)
2019-07-10 10:20:06,654  INFO PostProcessorRegistrationDelegate$BeanPostProcessorChecker:330 - Bean 'objectPostProcessor' of type [org.springframework.security.config.annotation.configuration.AutowireBeanFactoryObjectPostProcessor] is not eligible for getting processed by all BeanPostProcessors (for example: not eligible for auto-proxying)
2019-07-10 10:20:06,654  INFO PostProcessorRegistrationDelegate$BeanPostProcessorChecker:330 - Bean 'org.springframework.security.access.expression.method.DefaultMethodSecurityExpressionHandler@7ed9499e' of type [org.springframework.security.access.expression.method.DefaultMethodSecurityExpressionHandler] is not eligible for getting processed by all BeanPostProcessors (for example: not eligible for auto-proxying)
2019-07-10 10:20:06,654  INFO PostProcessorRegistrationDelegate$BeanPostProcessorChecker:330 - Bean 'org.springframework.security.config.annotation.method.configuration.GlobalMethodSecurityConfiguration' of type [org.springframework.security.config.annotation.method.configuration.GlobalMethodSecurityConfiguration$$EnhancerBySpringCGLIB$$d53d20a2] is not eligible for getting processed by all BeanPostProcessors (for example: not eligible for auto-proxying)
2019-07-10 10:20:06,654  INFO PostProcessorRegistrationDelegate$BeanPostProcessorChecker:330 - Bean 'methodSecurityMetadataSource' of type [org.springframework.security.access.method.DelegatingMethodSecurityMetadataSource] is not eligible for getting processed by all BeanPostProcessors (for example: not eligible for auto-proxying)
2019-07-10 10:20:06,873  INFO TomcatWebServer:90 - Tomcat initialized with port(s): 8888 (http)
2019-07-10 10:20:06,982  INFO ContextLoader:296 - Root WebApplicationContext: initialization completed in 1125 ms
2019-07-10 10:20:07,544  INFO DefaultSecurityFilterChain:43 - Creating filter chain: Ant [pattern='/css/**'], []
2019-07-10 10:20:07,544  INFO DefaultSecurityFilterChain:43 - Creating filter chain: Ant [pattern='/js/**'], []
2019-07-10 10:20:07,576  INFO DefaultSecurityFilterChain:43 - Creating filter chain: any request, [org.springframework.security.web.context.request.async.WebAsyncManagerIntegrationFilter@32091c14, org.springframework.security.web.context.SecurityContextPersistenceFilter@3c232051, org.springframework.security.web.header.HeaderWriterFilter@28157173, org.springframework.security.web.authentication.logout.LogoutFilter@64b70f41, org.springframework.security.web.authentication.UsernamePasswordAuthenticationFilter@4391a2d8, org.springframework.security.web.savedrequest.RequestCacheAwareFilter@3ab35b9c, org.springframework.security.web.servletapi.SecurityContextHolderAwareRequestFilter@2287395, org.springframework.security.web.authentication.rememberme.RememberMeAuthenticationFilter@71e7adbb, org.springframework.security.web.authentication.AnonymousAuthenticationFilter@7c40ffef, org.springframework.security.web.session.SessionManagementFilter@2251b3bc, org.springframework.security.web.access.ExceptionTranslationFilter@7698b7a4, org.springframework.security.web.access.intercept.FilterSecurityInterceptor@b791a81]
2019-07-10 10:20:07,716  INFO ThreadPoolTaskExecutor:171 - Initializing ExecutorService 'applicationTaskExecutor'
2019-07-10 10:20:08,279  INFO TomcatWebServer:204 - Tomcat started on port(s): 8888 (http) with context path ''
2019-07-10 10:20:08,279  INFO DemoApplication:59 - Started DemoApplication in 2.672 seconds (JVM running for 3.5)
2019-07-10 10:20:13,002  INFO DispatcherServlet:524 - Initializing Servlet 'dispatcherServlet'
2019-07-10 10:20:13,007  INFO DispatcherServlet:546 - Completed initialization in 5 ms
2019-07-10 10:20:15,380 ERROR DruidDataSource:1087 - testWhileIdle is true, validationQuery not set
2019-07-10 10:20:15,384  INFO DruidDataSource:947 - {dataSource-1} inited
