2019-07-05 10:41:55,367  INFO Version:21 - HV000001: Hibernate Validator 6.0.13.Final
2019-07-05 10:41:55,500  INFO DemoApplication:50 - Starting DemoApplication on DESKTOP-FM9LK77 with PID 20040 (D:\bbgog\com.bbdog\demo\target\classes started by wg103 in D:\bbgog\com.bbdog)
2019-07-05 10:41:55,501  INFO DemoApplication:675 - No active profile set, falling back to default profiles: default
2019-07-05 10:41:56,600  INFO TomcatWebServer:90 - Tomcat initialized with port(s): 8888 (http)
2019-07-05 10:41:56,686  INFO ContextLoader:296 - Root WebApplicationContext: initialization completed in 1154 ms
2019-07-05 10:41:57,255  INFO DefaultSecurityFilterChain:43 - Creating filter chain: Ant [pattern='/css/**'], []
2019-07-05 10:41:57,256  INFO DefaultSecurityFilterChain:43 - Creating filter chain: Ant [pattern='/js/**'], []
2019-07-05 10:41:57,285  INFO DefaultSecurityFilterChain:43 - Creating filter chain: any request, [org.springframework.security.web.context.request.async.WebAsyncManagerIntegrationFilter@60ed12e8, org.springframework.security.web.context.SecurityContextPersistenceFilter@20ead579, org.springframework.security.web.header.HeaderWriterFilter@6cbbb9c4, org.springframework.security.web.authentication.logout.LogoutFilter@1526f71, org.springframework.security.web.authentication.UsernamePasswordAuthenticationFilter@51f18e31, org.springframework.security.web.savedrequest.RequestCacheAwareFilter@5426cb36, org.springframework.security.web.servletapi.SecurityContextHolderAwareRequestFilter@1b0e9707, org.springframework.security.web.authentication.AnonymousAuthenticationFilter@24c8d8be, org.springframework.security.web.session.SessionManagementFilter@63f9b562, org.springframework.security.web.access.ExceptionTranslationFilter@daf22f0, org.springframework.security.web.access.intercept.FilterSecurityInterceptor@2fd72332]
2019-07-05 10:41:57,402  INFO ThreadPoolTaskExecutor:171 - Initializing ExecutorService 'applicationTaskExecutor'
2019-07-05 10:41:57,614  INFO TomcatWebServer:204 - Tomcat started on port(s): 8888 (http) with context path ''
2019-07-05 10:41:57,617  INFO DemoApplication:59 - Started DemoApplication in 2.372 seconds (JVM running for 3.253)
2019-07-05 10:42:58,329  INFO DispatcherServlet:524 - Initializing Servlet 'dispatcherServlet'
2019-07-05 10:42:58,334  INFO DispatcherServlet:546 - Completed initialization in 5 ms
2019-07-05 10:50:28,418  INFO ThreadPoolTaskExecutor:208 - Shutting down ExecutorService 'applicationTaskExecutor'
2019-07-05 10:50:31,483  INFO Version:21 - HV000001: Hibernate Validator 6.0.13.Final
2019-07-05 10:50:31,610  INFO DemoApplication:50 - Starting DemoApplication on DESKTOP-FM9LK77 with PID 12544 (D:\bbgog\com.bbdog\demo\target\classes started by wg103 in D:\bbgog\com.bbdog)
2019-07-05 10:50:31,611  INFO DemoApplication:675 - No active profile set, falling back to default profiles: default
2019-07-05 10:50:32,610  INFO TomcatWebServer:90 - Tomcat initialized with port(s): 8888 (http)
2019-07-05 10:50:32,742  INFO ContextLoader:296 - Root WebApplicationContext: initialization completed in 1098 ms
2019-07-05 10:50:33,302  INFO DefaultSecurityFilterChain:43 - Creating filter chain: Ant [pattern='/css/**'], []
2019-07-05 10:50:33,302  INFO DefaultSecurityFilterChain:43 - Creating filter chain: Ant [pattern='/js/**'], []
2019-07-05 10:50:33,328  INFO DefaultSecurityFilterChain:43 - Creating filter chain: any request, [org.springframework.security.web.context.request.async.WebAsyncManagerIntegrationFilter@3d24420b, org.springframework.security.web.context.SecurityContextPersistenceFilter@3a3ed300, org.springframework.security.web.header.HeaderWriterFilter@3472947a, org.springframework.security.web.authentication.logout.LogoutFilter@60e3c26e, org.springframework.security.web.authentication.UsernamePasswordAuthenticationFilter@787508ca, org.springframework.security.web.savedrequest.RequestCacheAwareFilter@1984212d, org.springframework.security.web.servletapi.SecurityContextHolderAwareRequestFilter@46dcbeab, org.springframework.security.web.authentication.AnonymousAuthenticationFilter@6274670b, org.springframework.security.web.session.SessionManagementFilter@69d3cf7e, org.springframework.security.web.access.ExceptionTranslationFilter@497d4c96, org.springframework.security.web.access.intercept.FilterSecurityInterceptor@2e13f304]
2019-07-05 10:50:33,445  INFO ThreadPoolTaskExecutor:171 - Initializing ExecutorService 'applicationTaskExecutor'
2019-07-05 10:50:33,658  INFO TomcatWebServer:204 - Tomcat started on port(s): 8888 (http) with context path ''
2019-07-05 10:50:33,661  INFO DemoApplication:59 - Started DemoApplication in 2.274 seconds (JVM running for 2.919)
2019-07-05 10:51:17,431  INFO DispatcherServlet:524 - Initializing Servlet 'dispatcherServlet'
2019-07-05 10:51:17,441  INFO DispatcherServlet:546 - Completed initialization in 9 ms
2019-07-05 10:55:48,625  INFO ThreadPoolTaskExecutor:208 - Shutting down ExecutorService 'applicationTaskExecutor'
2019-07-05 11:25:09,373  INFO Version:21 - HV000001: Hibernate Validator 6.0.13.Final
2019-07-05 11:25:09,501  INFO DemoApplication:50 - Starting DemoApplication on DESKTOP-FM9LK77 with PID 9872 (D:\bbgog\com.bbdog\demo\target\classes started by wg103 in D:\bbgog\com.bbdog)
2019-07-05 11:25:09,502  INFO DemoApplication:675 - No active profile set, falling back to default profiles: default
2019-07-05 11:25:10,619  INFO TomcatWebServer:90 - Tomcat initialized with port(s): 8888 (http)
2019-07-05 11:25:10,713  INFO ContextLoader:296 - Root WebApplicationContext: initialization completed in 1174 ms
2019-07-05 11:25:11,292  INFO DefaultSecurityFilterChain:43 - Creating filter chain: Ant [pattern='/css/**'], []
2019-07-05 11:25:11,293  INFO DefaultSecurityFilterChain:43 - Creating filter chain: Ant [pattern='/js/**'], []
2019-07-05 11:25:11,330  INFO DefaultSecurityFilterChain:43 - Creating filter chain: any request, [org.springframework.security.web.context.request.async.WebAsyncManagerIntegrationFilter@4dac121d, org.springframework.security.web.context.SecurityContextPersistenceFilter@fe87ddd, org.springframework.security.web.header.HeaderWriterFilter@d919544, org.springframework.security.web.authentication.logout.LogoutFilter@485caa8f, org.springframework.security.web.authentication.UsernamePasswordAuthenticationFilter@dd4aec3, org.springframework.security.web.savedrequest.RequestCacheAwareFilter@7c281eb8, org.springframework.security.web.servletapi.SecurityContextHolderAwareRequestFilter@3e05586b, org.springframework.security.web.authentication.AnonymousAuthenticationFilter@568750b7, org.springframework.security.web.session.SessionManagementFilter@79696332, org.springframework.security.web.access.ExceptionTranslationFilter@6361b799, org.springframework.security.web.access.intercept.FilterSecurityInterceptor@a9c5b75]
2019-07-05 11:25:11,468  INFO ThreadPoolTaskExecutor:171 - Initializing ExecutorService 'applicationTaskExecutor'
2019-07-05 11:25:11,752  INFO TomcatWebServer:204 - Tomcat started on port(s): 8888 (http) with context path ''
2019-07-05 11:25:11,755  INFO DemoApplication:59 - Started DemoApplication in 2.488 seconds (JVM running for 3.209)
2019-07-05 11:28:37,108  INFO DispatcherServlet:524 - Initializing Servlet 'dispatcherServlet'
2019-07-05 11:28:37,113  INFO DispatcherServlet:546 - Completed initialization in 5 ms
2019-07-05 11:29:22,138  INFO ThreadPoolTaskExecutor:208 - Shutting down ExecutorService 'applicationTaskExecutor'
2019-07-05 11:29:25,447  INFO Version:21 - HV000001: Hibernate Validator 6.0.13.Final
2019-07-05 11:29:25,572  INFO DemoApplication:50 - Starting DemoApplication on DESKTOP-FM9LK77 with PID 14412 (D:\bbgog\com.bbdog\demo\target\classes started by wg103 in D:\bbgog\com.bbdog)
2019-07-05 11:29:25,573  INFO DemoApplication:675 - No active profile set, falling back to default profiles: default
2019-07-05 11:29:26,563  INFO TomcatWebServer:90 - Tomcat initialized with port(s): 8888 (http)
2019-07-05 11:29:26,655  INFO ContextLoader:296 - Root WebApplicationContext: initialization completed in 1051 ms
2019-07-05 11:29:27,217  INFO DefaultSecurityFilterChain:43 - Creating filter chain: Ant [pattern='/css/**'], []
2019-07-05 11:29:27,217  INFO DefaultSecurityFilterChain:43 - Creating filter chain: Ant [pattern='/js/**'], []
2019-07-05 11:29:27,248  INFO DefaultSecurityFilterChain:43 - Creating filter chain: any request, [org.springframework.security.web.context.request.async.WebAsyncManagerIntegrationFilter@3e05586b, org.springframework.security.web.context.SecurityContextPersistenceFilter@6dd36ab6, org.springframework.security.web.header.HeaderWriterFilter@405b6d75, org.springframework.security.web.authentication.logout.LogoutFilter@659f226a, org.springframework.security.web.authentication.UsernamePasswordAuthenticationFilter@168b4cb0, org.springframework.security.web.savedrequest.RequestCacheAwareFilter@610d28b8, org.springframework.security.web.servletapi.SecurityContextHolderAwareRequestFilter@35ef439e, org.springframework.security.web.authentication.AnonymousAuthenticationFilter@35b17c06, org.springframework.security.web.session.SessionManagementFilter@1d858300, org.springframework.security.web.access.ExceptionTranslationFilter@101ca8da, org.springframework.security.web.access.intercept.FilterSecurityInterceptor@23da79eb]
2019-07-05 11:29:27,376  INFO ThreadPoolTaskExecutor:171 - Initializing ExecutorService 'applicationTaskExecutor'
2019-07-05 11:29:27,649  INFO TomcatWebServer:204 - Tomcat started on port(s): 8888 (http) with context path ''
2019-07-05 11:29:27,652  INFO DemoApplication:59 - Started DemoApplication in 2.304 seconds (JVM running for 3.074)
2019-07-05 11:32:59,584  INFO DispatcherServlet:524 - Initializing Servlet 'dispatcherServlet'
2019-07-05 11:32:59,593  INFO DispatcherServlet:546 - Completed initialization in 9 ms
2019-07-05 13:42:35,652  INFO ThreadPoolTaskExecutor:208 - Shutting down ExecutorService 'applicationTaskExecutor'
